#
# There is insufficient memory for the Java Runtime Environment to continue.
# Native memory allocation (malloc) failed to allocate 1297456 bytes for Chunk::new
# Possible reasons:
#   The system is out of physical RAM or swap space
#   The process is running with CompressedOops enabled, and the Java Heap may be blocking the growth of the native heap
# Possible solutions:
#   Reduce memory load on the system
#   Increase physical memory or swap space
#   Check if swap backing store is full
#   Decrease Java heap size (-Xmx/-Xms)
#   Decrease number of Java threads
#   Decrease Java thread stack sizes (-Xss)
#   Set larger code cache with -XX:ReservedCodeCacheSize=
#   JVM is running with Unscaled Compressed Oops mode in which the Java heap is
#     placed in the first 4GB address space. The Java Heap base address is the
#     maximum limit for the native heap growth. Please use -XX:HeapBaseMinAddress
#     to set the Java Heap base and to place the Java Heap above 4GB virtual address.
# This output file may be truncated or incomplete.
#
#  Out of Memory Error (allocation.cpp:389), pid=864, tid=0x0000000000000820
#
# JRE version: OpenJDK Runtime Environment (8.0_202-b03) (build 1.8.0_202-release-1483-b03)
# Java VM: OpenJDK 64-Bit Server VM (25.202-b03 mixed mode windows-amd64 compressed oops)
# Failed to write core dump. Minidumps are not enabled by default on client versions of Windows
#

---------------  T H R E A D  ---------------

Current thread (0x0000000016389800):  JavaThread "C2 CompilerThread0" daemon [_thread_in_native, id=2080, stack(0x00000000179f0000,0x0000000017af0000)]

Stack: [0x00000000179f0000,0x0000000017af0000]
[error occurred during error reporting (printing stack bounds), id 0xc0000005]

Native frames: (J=compiled Java code, j=interpreted, Vv=VM code, C=native code)


Current CompileTask:
C2:   5221 1878   !   4       java.net.URLClassLoader$1::run (63 bytes)


---------------  P R O C E S S  ---------------

Java Threads: ( => current thread )
  0x000000001861b000 JavaThread "Cache worker for file hash cache (D:\Work\deafop\Report\.gradle\5.4.1\fileHashes)" [_thread_blocked, id=7016, stack(0x000000001c210000,0x000000001c310000)]
  0x0000000018619800 JavaThread "Cache worker for journal cache (C:\Users\maxmu\.gradle\caches\journal-1)" [_thread_blocked, id=1540, stack(0x000000001af40000,0x000000001b040000)]
  0x000000001861e800 JavaThread "File lock request listener" [_thread_in_native, id=7632, stack(0x000000001ae40000,0x000000001af40000)]
  0x00000000196a9800 JavaThread "Cache worker for file hash cache (C:\Users\maxmu\.gradle\caches\5.4.1\fileHashes)" [_thread_blocked, id=2840, stack(0x000000001ad40000,0x000000001ae40000)]
  0x00000000194a7000 JavaThread "Thread-9" [_thread_blocked, id=9228, stack(0x000000001ac40000,0x000000001ad40000)]
  0x00000000194cf000 JavaThread "Stdin handler" [_thread_blocked, id=116, stack(0x000000001ab40000,0x000000001ac40000)]
  0x00000000194bd000 JavaThread "Asynchronous log dispatcher for DefaultDaemonConnection: socket connection from /127.0.0.1:54821 to /127.0.0.1:54822" [_thread_blocked, id=3376, stack(0x000000001aa40000,0x000000001ab40000)]
  0x00000000194ba800 JavaThread "Daemon worker" [_thread_in_vm, id=1788, stack(0x000000001a940000,0x000000001aa40000)]
  0x00000000194a0800 JavaThread "Cancel handler" [_thread_blocked, id=5440, stack(0x000000001a840000,0x000000001a940000)]
  0x00000000194c3800 JavaThread "Handler for socket connection from /127.0.0.1:54821 to /127.0.0.1:54822" [_thread_in_native, id=3312, stack(0x000000001a540000,0x000000001a640000)]
  0x000000001943e800 JavaThread "Daemon" [_thread_blocked, id=5592, stack(0x000000001a440000,0x000000001a540000)]
  0x0000000019355000 JavaThread "Daemon periodic checks" [_thread_blocked, id=1536, stack(0x000000001a340000,0x000000001a440000)]
  0x000000001842e800 JavaThread "Incoming local TCP Connector on port 54821" [_thread_in_native, id=7996, stack(0x000000001a100000,0x000000001a200000)]
  0x00000000193b9000 JavaThread "Daemon health stats" [_thread_blocked, id=2032, stack(0x0000000019ac0000,0x0000000019bc0000)]
  0x00000000163ee800 JavaThread "Service Thread" daemon [_thread_blocked, id=9376, stack(0x00000000180f0000,0x00000000181f0000)]
  0x000000001639c000 JavaThread "C1 CompilerThread2" daemon [_thread_blocked, id=7964, stack(0x0000000017bf0000,0x0000000017cf0000)]
  0x000000001638e800 JavaThread "C2 CompilerThread1" daemon [_thread_in_native, id=5972, stack(0x0000000017af0000,0x0000000017bf0000)]
=>0x0000000016389800 JavaThread "C2 CompilerThread0" daemon [_thread_in_native, id=2080, stack(0x00000000179f0000,0x0000000017af0000)]
  0x0000000016397800 JavaThread "Attach Listener" daemon [_thread_blocked, id=6124, stack(0x00000000178f0000,0x00000000179f0000)]
  0x0000000016396800 JavaThread "Signal Dispatcher" daemon [_thread_blocked, id=4084, stack(0x00000000177f0000,0x00000000178f0000)]
  0x0000000002a1b800 JavaThread "Finalizer" daemon [_thread_blocked, id=8656, stack(0x00000000175f0000,0x00000000176f0000)]
  0x0000000016379000 JavaThread "Reference Handler" daemon [_thread_blocked, id=6688, stack(0x00000000174f0000,0x00000000175f0000)]
  0x00000000027fd800 JavaThread "main" [_thread_blocked, id=7116, stack(0x0000000002820000,0x0000000002920000)]

Other Threads:
  0x0000000016356800 VMThread [stack: 0x00000000173f0000,0x00000000174f0000] [id=4628]
  0x0000000017d1d800 WatcherThread [stack: 0x00000000181f0000,0x00000000182f0000] [id=868]

VM state:not at safepoint (normal execution)

VM Mutex/Monitor currently owned by a thread: None

heap address: 0x00000000a0000000, size: 1536 MB, Compressed Oops mode: 32-bit
Narrow klass base: 0x0000000000000000, Narrow klass shift: 3
Compressed class space size: 1073741824 Address: 0x0000000100000000

Heap:
 PSYoungGen      total 34816K, used 27481K [0x00000000e0000000, 0x00000000e2700000, 0x0000000100000000)
  eden space 29696K, 92% used [0x00000000e0000000,0x00000000e1ad6768,0x00000000e1d00000)
  from space 5120K, 0% used [0x00000000e2200000,0x00000000e2200000,0x00000000e2700000)
  to   space 5120K, 0% used [0x00000000e1d00000,0x00000000e1d00000,0x00000000e2200000)
 ParOldGen       total 31232K, used 7843K [0x00000000a0000000, 0x00000000a1e80000, 0x00000000e0000000)
  object space 31232K, 25% used [0x00000000a0000000,0x00000000a07a8fe8,0x00000000a1e80000)
 Metaspace       used 25400K, capacity 25862K, committed 26240K, reserved 1071104K
  class space    used 3424K, capacity 3614K, committed 3712K, reserved 1048576K

Card table byte_map: [0x0000000011de0000,0x00000000120f0000] byte_map_base: 0x00000000118e0000

Marking Bits: (ParMarkBitMap*) 0x0000000077779f30
 Begin Bits: [0x00000000126f0000, 0x0000000013ef0000)
 End Bits:   [0x0000000013ef0000, 0x00000000156f0000)

Polling page: 0x0000000000f90000

CodeCache: size=245760Kb used=7822Kb max_used=7822Kb free=237937Kb
 bounds [0x0000000002a20000, 0x00000000031d0000, 0x0000000011a20000]
 total_blobs=2644 nmethods=1981 adapters=576
 compilation: enabled

Compilation events (10 events):
Event: 5.190 Thread 0x000000001639c000 1980       3       java.io.ObjectOutputStream$BlockDataOutputStream::writeBytes (144 bytes)
Event: 5.190 Thread 0x000000001639c000 nmethod 1980 0x00000000031c3cd0 code [0x00000000031c3ea0, 0x00000000031c45f8]
Event: 5.197 Thread 0x000000001639c000 1981       3       java.util.concurrent.locks.ReentrantLock::lock (8 bytes)
Event: 5.197 Thread 0x000000001639c000 nmethod 1981 0x00000000031c49d0 code [0x00000000031c4b40, 0x00000000031c4d68]
Event: 5.197 Thread 0x000000001639c000 1982       3       java.util.concurrent.locks.ReentrantLock$NonfairSync::lock (25 bytes)
Event: 5.197 Thread 0x000000001639c000 nmethod 1982 0x00000000031c4e10 code [0x00000000031c4fe0, 0x00000000031c5838]
Event: 5.202 Thread 0x000000001639c000 1983       3       java.io.ObjectOutputStream$HandleTable::hash (8 bytes)
Event: 5.202 Thread 0x000000001639c000 nmethod 1983 0x00000000031c5a90 code [0x00000000031c5c00, 0x00000000031c5d88]
Event: 5.203 Thread 0x000000001639c000 1984       1       org.gradle.internal.operations.BuildOperationDescriptor::getId (5 bytes)
Event: 5.203 Thread 0x000000001639c000 nmethod 1984 0x00000000031c5e10 code [0x00000000031c5f60, 0x00000000031c6070]

GC Heap History (10 events):
Event: 3.148 GC heap before
{Heap before GC invocations=7 (full 0):
 PSYoungGen      total 19968K, used 19227K [0x00000000e0000000, 0x00000000e2900000, 0x0000000100000000)
  eden space 14848K, 100% used [0x00000000e0000000,0x00000000e0e80000,0x00000000e0e80000)
  from space 5120K, 85% used [0x00000000e1400000,0x00000000e1846c18,0x00000000e1900000)
  to   space 5632K, 0% used [0x00000000e0e80000,0x00000000e0e80000,0x00000000e1400000)
 ParOldGen       total 40960K, used 4171K [0x00000000a0000000, 0x00000000a2800000, 0x00000000e0000000)
  object space 40960K, 10% used [0x00000000a0000000,0x00000000a0412da8,0x00000000a2800000)
 Metaspace       used 14523K, capacity 14888K, committed 15104K, reserved 1062912K
  class space    used 2059K, capacity 2182K, committed 2304K, reserved 1048576K
Event: 3.157 GC heap after
Heap after GC invocations=7 (full 0):
 PSYoungGen      total 20480K, used 3342K [0x00000000e0000000, 0x00000000e2700000, 0x0000000100000000)
  eden space 14848K, 0% used [0x00000000e0000000,0x00000000e0000000,0x00000000e0e80000)
  from space 5632K, 59% used [0x00000000e0e80000,0x00000000e11c3ba0,0x00000000e1400000)
  to   space 5120K, 0% used [0x00000000e2200000,0x00000000e2200000,0x00000000e2700000)
 ParOldGen       total 40960K, used 5168K [0x00000000a0000000, 0x00000000a2800000, 0x00000000e0000000)
  object space 40960K, 12% used [0x00000000a0000000,0x00000000a050c200,0x00000000a2800000)
 Metaspace       used 14523K, capacity 14888K, committed 15104K, reserved 1062912K
  class space    used 2059K, capacity 2182K, committed 2304K, reserved 1048576K
}
Event: 3.437 GC heap before
{Heap before GC invocations=8 (full 0):
 PSYoungGen      total 20480K, used 18190K [0x00000000e0000000, 0x00000000e2700000, 0x0000000100000000)
  eden space 14848K, 100% used [0x00000000e0000000,0x00000000e0e80000,0x00000000e0e80000)
  from space 5632K, 59% used [0x00000000e0e80000,0x00000000e11c3ba0,0x00000000e1400000)
  to   space 5120K, 0% used [0x00000000e2200000,0x00000000e2200000,0x00000000e2700000)
 ParOldGen       total 40960K, used 5168K [0x00000000a0000000, 0x00000000a2800000, 0x00000000e0000000)
  object space 40960K, 12% used [0x00000000a0000000,0x00000000a050c200,0x00000000a2800000)
 Metaspace       used 16277K, capacity 16724K, committed 16896K, reserved 1062912K
  class space    used 2321K, capacity 2478K, committed 2560K, reserved 1048576K
Event: 3.443 GC heap after
Heap after GC invocations=8 (full 0):
 PSYoungGen      total 34816K, used 3702K [0x00000000e0000000, 0x00000000e2700000, 0x0000000100000000)
  eden space 29696K, 0% used [0x00000000e0000000,0x00000000e0000000,0x00000000e1d00000)
  from space 5120K, 72% used [0x00000000e2200000,0x00000000e259daf8,0x00000000e2700000)
  to   space 5120K, 0% used [0x00000000e1d00000,0x00000000e1d00000,0x00000000e2200000)
 ParOldGen       total 40960K, used 6048K [0x00000000a0000000, 0x00000000a2800000, 0x00000000e0000000)
  object space 40960K, 14% used [0x00000000a0000000,0x00000000a05e8220,0x00000000a2800000)
 Metaspace       used 16277K, capacity 16724K, committed 16896K, reserved 1062912K
  class space    used 2321K, capacity 2478K, committed 2560K, reserved 1048576K
}
Event: 4.258 GC heap before
{Heap before GC invocations=9 (full 0):
 PSYoungGen      total 34816K, used 33398K [0x00000000e0000000, 0x00000000e2700000, 0x0000000100000000)
  eden space 29696K, 100% used [0x00000000e0000000,0x00000000e1d00000,0x00000000e1d00000)
  from space 5120K, 72% used [0x00000000e2200000,0x00000000e259daf8,0x00000000e2700000)
  to   space 5120K, 0% used [0x00000000e1d00000,0x00000000e1d00000,0x00000000e2200000)
 ParOldGen       total 40960K, used 6048K [0x00000000a0000000, 0x00000000a2800000, 0x00000000e0000000)
  object space 40960K, 14% used [0x00000000a0000000,0x00000000a05e8220,0x00000000a2800000)
 Metaspace       used 18947K, capacity 19328K, committed 19584K, reserved 1067008K
  class space    used 2757K, capacity 2870K, committed 2944K, reserved 1048576K
Event: 4.264 GC heap after
Heap after GC invocations=9 (full 0):
 PSYoungGen      total 34816K, used 4396K [0x00000000e0000000, 0x00000000e2700000, 0x0000000100000000)
  eden space 29696K, 0% used [0x00000000e0000000,0x00000000e0000000,0x00000000e1d00000)
  from space 5120K, 85% used [0x00000000e1d00000,0x00000000e214b150,0x00000000e2200000)
  to   space 5120K, 0% used [0x00000000e2200000,0x00000000e2200000,0x00000000e2700000)
 ParOldGen       total 40960K, used 6972K [0x00000000a0000000, 0x00000000a2800000, 0x00000000e0000000)
  object space 40960K, 17% used [0x00000000a0000000,0x00000000a06cf118,0x00000000a2800000)
 Metaspace       used 18947K, capacity 19328K, committed 19584K, reserved 1067008K
  class space    used 2757K, capacity 2870K, committed 2944K, reserved 1048576K
}
Event: 4.439 GC heap before
{Heap before GC invocations=10 (full 0):
 PSYoungGen      total 34816K, used 15293K [0x00000000e0000000, 0x00000000e2700000, 0x0000000100000000)
  eden space 29696K, 36% used [0x00000000e0000000,0x00000000e0aa42f0,0x00000000e1d00000)
  from space 5120K, 85% used [0x00000000e1d00000,0x00000000e214b150,0x00000000e2200000)
  to   space 5120K, 0% used [0x00000000e2200000,0x00000000e2200000,0x00000000e2700000)
 ParOldGen       total 40960K, used 6972K [0x00000000a0000000, 0x00000000a2800000, 0x00000000e0000000)
  object space 40960K, 17% used [0x00000000a0000000,0x00000000a06cf118,0x00000000a2800000)
 Metaspace       used 20755K, capacity 21120K, committed 21248K, reserved 1067008K
  class space    used 2917K, capacity 3062K, committed 3072K, reserved 1048576K
Event: 4.443 GC heap after
Heap after GC invocations=10 (full 0):
 PSYoungGen      total 34816K, used 2977K [0x00000000e0000000, 0x00000000e2700000, 0x0000000100000000)
  eden space 29696K, 0% used [0x00000000e0000000,0x00000000e0000000,0x00000000e1d00000)
  from space 5120K, 58% used [0x00000000e2200000,0x00000000e24e8518,0x00000000e2700000)
  to   space 5120K, 0% used [0x00000000e1d00000,0x00000000e1d00000,0x00000000e2200000)
 ParOldGen       total 40960K, used 8038K [0x00000000a0000000, 0x00000000a2800000, 0x00000000e0000000)
  object space 40960K, 19% used [0x00000000a0000000,0x00000000a07d9b20,0x00000000a2800000)
 Metaspace       used 20755K, capacity 21120K, committed 21248K, reserved 1067008K
  class space    used 2917K, capacity 3062K, committed 3072K, reserved 1048576K
}
Event: 4.443 GC heap before
{Heap before GC invocations=11 (full 1):
 PSYoungGen      total 34816K, used 2977K [0x00000000e0000000, 0x00000000e2700000, 0x0000000100000000)
  eden space 29696K, 0% used [0x00000000e0000000,0x00000000e0000000,0x00000000e1d00000)
  from space 5120K, 58% used [0x00000000e2200000,0x00000000e24e8518,0x00000000e2700000)
  to   space 5120K, 0% used [0x00000000e1d00000,0x00000000e1d00000,0x00000000e2200000)
 ParOldGen       total 40960K, used 8038K [0x00000000a0000000, 0x00000000a2800000, 0x00000000e0000000)
  object space 40960K, 19% used [0x00000000a0000000,0x00000000a07d9b20,0x00000000a2800000)
 Metaspace       used 20755K, capacity 21120K, committed 21248K, reserved 1067008K
  class space    used 2917K, capacity 3062K, committed 3072K, reserved 1048576K
Event: 4.496 GC heap after
Heap after GC invocations=11 (full 1):
 PSYoungGen      total 34816K, used 0K [0x00000000e0000000, 0x00000000e2700000, 0x0000000100000000)
  eden space 29696K, 0% used [0x00000000e0000000,0x00000000e0000000,0x00000000e1d00000)
  from space 5120K, 0% used [0x00000000e2200000,0x00000000e2200000,0x00000000e2700000)
  to   space 5120K, 0% used [0x00000000e1d00000,0x00000000e1d00000,0x00000000e2200000)
 ParOldGen       total 31232K, used 7843K [0x00000000a0000000, 0x00000000a1e80000, 0x00000000e0000000)
  object space 31232K, 25% used [0x00000000a0000000,0x00000000a07a8fe8,0x00000000a1e80000)
 Metaspace       used 20755K, capacity 21120K, committed 21248K, reserved 1067008K
  class space    used 2917K, capacity 3062K, committed 3072K, reserved 1048576K
}

Deoptimization events (10 events):
Event: 3.239 Thread 0x00000000194ba800 Uncommon trap: reason=unstable_if action=reinterpret pc=0x0000000002dbccf4 method=java.lang.String.lastIndexOf([CII[CIII)I @ 66
Event: 3.830 Thread 0x00000000194ba800 Uncommon trap: reason=unstable_if action=reinterpret pc=0x0000000002b80448 method=java.net.URI.match(CJJ)Z @ 19
Event: 3.830 Thread 0x00000000194ba800 Uncommon trap: reason=unstable_if action=reinterpret pc=0x0000000002c6c8c0 method=java.net.URI.match(CJJ)Z @ 19
Event: 4.072 Thread 0x00000000194ba800 Uncommon trap: reason=unstable_if action=reinterpret pc=0x0000000002ce4598 method=java.io.File.getName()Ljava/lang/String; @ 16
Event: 4.821 Thread 0x00000000194ba800 Uncommon trap: reason=class_check action=maybe_recompile pc=0x0000000002fdfc4c method=sun.misc.URLClassPath.getLoader(I)Lsun/misc/URLClassPath$Loader; @ 94
Event: 4.821 Thread 0x00000000194ba800 Uncommon trap: reason=class_check action=maybe_recompile pc=0x0000000002f44e30 method=sun.misc.URLClassPath.getResource(Ljava/lang/String;Z)Lsun/misc/Resource; @ 62
Event: 4.821 Thread 0x00000000194ba800 Uncommon trap: reason=unstable_if action=reinterpret pc=0x0000000003030cac method=java.lang.String.regionMatches(ZILjava/lang/String;II)Z @ 41
Event: 4.824 Thread 0x00000000194ba800 Uncommon trap: reason=unstable_if action=reinterpret pc=0x0000000002e9af0c method=java.lang.ClassLoader.getClassLoadingLock(Ljava/lang/String;)Ljava/lang/Object; @ 6
Event: 4.875 Thread 0x00000000194ba800 Uncommon trap: reason=class_check action=maybe_recompile pc=0x0000000002fdfe38 method=sun.misc.URLClassPath.getLoader(I)Lsun/misc/URLClassPath$Loader; @ 239
Event: 4.891 Thread 0x00000000194ba800 Uncommon trap: reason=class_check action=maybe_recompile pc=0x0000000002fdfe38 method=sun.misc.URLClassPath.getLoader(I)Lsun/misc/URLClassPath$Loader; @ 239

Classes redefined (0 events):
No events

Internal exceptions (10 events):
Event: 5.000 Thread 0x00000000194ba800 Exception <a 'java/lang/ClassNotFoundException': org/gradle/initialization/DefaultSettings_DecoratedBeanInfo> (0x00000000e157c2c8) thrown at [D:\src\AOSP-openjdk-cygwin\jdk8u\hotspot\src\share\vm\classfile\systemDictionary.cpp, line 210]
Event: 5.001 Thread 0x00000000194ba800 Exception <a 'java/lang/ClassNotFoundException': org/gradle/initialization/DefaultSettingsBeanInfo> (0x00000000e15a28e0) thrown at [D:\src\AOSP-openjdk-cygwin\jdk8u\hotspot\src\share\vm\classfile\systemDictionary.cpp, line 210]
Event: 5.001 Thread 0x00000000194ba800 Exception <a 'java/lang/ClassNotFoundException': org/gradle/api/internal/project/AbstractPluginAwareBeanInfo> (0x00000000e15ce780) thrown at [D:\src\AOSP-openjdk-cygwin\jdk8u\hotspot\src\share\vm\classfile\systemDictionary.cpp, line 210]
Event: 5.002 Thread 0x00000000194ba800 Exception <a 'java/lang/ClassNotFoundException': org/gradle/api/internal/project/AbstractPluginAwareCustomizer> (0x00000000e15fb208) thrown at [D:\src\AOSP-openjdk-cygwin\jdk8u\hotspot\src\share\vm\classfile\systemDictionary.cpp, line 210]
Event: 5.003 Thread 0x00000000194ba800 Exception <a 'java/lang/ClassNotFoundException': org/gradle/initialization/DefaultSettingsCustomizer> (0x00000000e162b0f8) thrown at [D:\src\AOSP-openjdk-cygwin\jdk8u\hotspot\src\share\vm\classfile\systemDictionary.cpp, line 210]
Event: 5.012 Thread 0x00000000194ba800 Exception <a 'java/lang/ClassNotFoundException': org/gradle/initialization/DefaultSettings_DecoratedCustomizer> (0x00000000e1690380) thrown at [D:\src\AOSP-openjdk-cygwin\jdk8u\hotspot\src\share\vm\classfile\systemDictionary.cpp, line 210]
Event: 5.135 Thread 0x00000000194a7000 Exception <a 'java/lang/NoSuchMethodError': <clinit>> (0x00000000e0c07990) thrown at [D:\src\AOSP-openjdk-cygwin\jdk8u\hotspot\src\share\vm\prims\jni.cpp, line 1614]
Event: 5.138 Thread 0x00000000194a7000 Exception <a 'java/lang/NoSuchMethodError': <clinit>> (0x00000000e0c1d598) thrown at [D:\src\AOSP-openjdk-cygwin\jdk8u\hotspot\src\share\vm\prims\jni.cpp, line 1614]
Event: 5.139 Thread 0x00000000194a7000 Exception <a 'java/lang/NoSuchMethodError': <clinit>> (0x00000000e0c1e2b0) thrown at [D:\src\AOSP-openjdk-cygwin\jdk8u\hotspot\src\share\vm\prims\jni.cpp, line 1614]
Event: 5.139 Thread 0x00000000194a7000 Exception <a 'java/lang/NoSuchMethodError': <clinit>> (0x00000000e0c1f7e8) thrown at [D:\src\AOSP-openjdk-cygwin\jdk8u\hotspot\src\share\vm\prims\jni.cpp, line 1614]

Events (10 events):
Event: 5.201 loading class com/google/common/collect/CompactHashMap$2
Event: 5.201 loading class com/google/common/collect/CompactHashMap$2 done
Event: 5.201 loading class com/google/common/collect/CompactHashMap$Itr
Event: 5.201 loading class com/google/common/collect/CompactHashMap$Itr done
Event: 5.201 loading class com/google/common/collect/AbstractMapBasedMultimap$KeySet$1
Event: 5.201 loading class com/google/common/collect/AbstractMapBasedMultimap$KeySet$1 done
Event: 5.203 loading class org/gradle/initialization/DefaultGradleLauncher$ConfigureBuild
Event: 5.203 loading class org/gradle/initialization/DefaultGradleLauncher$ConfigureBuild done
Event: 5.204 loading class org/gradle/initialization/DefaultGradleLauncher$ConfigureBuild$1
Event: 5.204 loading class org/gradle/initialization/DefaultGradleLauncher$ConfigureBuild$1 done


Dynamic libraries:
0x00007ff678570000 - 0x00007ff6785a1000 	C:\Program Files\Android\Android Studio\jre\bin\java.exe
0x00007ffc36420000 - 0x00007ffc36610000 	C:\WINDOWS\SYSTEM32\ntdll.dll
0x00007ffc36080000 - 0x00007ffc36132000 	C:\WINDOWS\System32\KERNEL32.DLL
0x00007ffc33c70000 - 0x00007ffc33f13000 	C:\WINDOWS\System32\KERNELBASE.dll
0x00007ffc35200000 - 0x00007ffc352a3000 	C:\WINDOWS\System32\ADVAPI32.dll
0x00007ffc34fc0000 - 0x00007ffc3505e000 	C:\WINDOWS\System32\msvcrt.dll
0x00007ffc36340000 - 0x00007ffc363d7000 	C:\WINDOWS\System32\sechost.dll
0x00007ffc35f60000 - 0x00007ffc36080000 	C:\WINDOWS\System32\RPCRT4.dll
0x00007ffc361a0000 - 0x00007ffc36333000 	C:\WINDOWS\System32\USER32.dll
0x00007ffc333b0000 - 0x00007ffc333d1000 	C:\WINDOWS\System32\win32u.dll
0x00007ffc35460000 - 0x00007ffc35486000 	C:\WINDOWS\System32\GDI32.dll
0x00007ffc340d0000 - 0x00007ffc34264000 	C:\WINDOWS\System32\gdi32full.dll
0x00007ffc33400000 - 0x00007ffc3349e000 	C:\WINDOWS\System32\msvcp_win.dll
0x00007ffc33f20000 - 0x00007ffc3401a000 	C:\WINDOWS\System32\ucrtbase.dll
0x00007ffc2eae0000 - 0x00007ffc2ed65000 	C:\WINDOWS\WinSxS\amd64_microsoft.windows.common-controls_6595b64144ccf1df_6.0.18362.295_none_e6c3acbd13101292\COMCTL32.dll
0x00007ffc35510000 - 0x00007ffc35846000 	C:\WINDOWS\System32\combase.dll
0x00007ffc34270000 - 0x00007ffc342f0000 	C:\WINDOWS\System32\bcryptPrimitives.dll
0x00007ffc34f90000 - 0x00007ffc34fbe000 	C:\WINDOWS\System32\IMM32.DLL
0x0000000076aa0000 - 0x0000000076b72000 	C:\Program Files\Android\Android Studio\jre\jre\bin\msvcr100.dll
0x0000000076fb0000 - 0x00000000777f6000 	C:\Program Files\Android\Android Studio\jre\jre\bin\server\jvm.dll
0x00007ffc34570000 - 0x00007ffc34578000 	C:\WINDOWS\System32\PSAPI.DLL
0x00007ffc27d50000 - 0x00007ffc27d5a000 	C:\WINDOWS\SYSTEM32\VERSION.dll
0x00007ffc2fdf0000 - 0x00007ffc2fe14000 	C:\WINDOWS\SYSTEM32\WINMM.dll
0x00007ffc24c50000 - 0x00007ffc24c59000 	C:\WINDOWS\SYSTEM32\WSOCK32.dll
0x00007ffc35190000 - 0x00007ffc351ff000 	C:\WINDOWS\System32\WS2_32.dll
0x00007ffc2fdc0000 - 0x00007ffc2fded000 	C:\WINDOWS\SYSTEM32\winmmbase.dll
0x00007ffc33c20000 - 0x00007ffc33c6a000 	C:\WINDOWS\System32\cfgmgr32.dll
0x00007ffc2f9e0000 - 0x00007ffc2f9ef000 	C:\Program Files\Android\Android Studio\jre\jre\bin\verify.dll
0x00007ffc2f9b0000 - 0x00007ffc2f9d9000 	C:\Program Files\Android\Android Studio\jre\jre\bin\java.dll
0x00007ffc2f990000 - 0x00007ffc2f9a6000 	C:\Program Files\Android\Android Studio\jre\jre\bin\zip.dll
0x00007ffc34760000 - 0x00007ffc34e42000 	C:\WINDOWS\System32\SHELL32.dll
0x00007ffc34600000 - 0x00007ffc346a9000 	C:\WINDOWS\System32\shcore.dll
0x00007ffc334a0000 - 0x00007ffc33c1c000 	C:\WINDOWS\System32\windows.storage.dll
0x00007ffc33390000 - 0x00007ffc333af000 	C:\WINDOWS\System32\profapi.dll
0x00007ffc33340000 - 0x00007ffc3338a000 	C:\WINDOWS\System32\powrprof.dll
0x00007ffc332f0000 - 0x00007ffc33300000 	C:\WINDOWS\System32\UMPDC.dll
0x00007ffc35130000 - 0x00007ffc35182000 	C:\WINDOWS\System32\shlwapi.dll
0x00007ffc33300000 - 0x00007ffc33311000 	C:\WINDOWS\System32\kernel.appcore.dll
0x00007ffc333e0000 - 0x00007ffc333f7000 	C:\WINDOWS\System32\cryptsp.dll
0x00007ffc2e430000 - 0x00007ffc2e44a000 	C:\Program Files\Android\Android Studio\jre\jre\bin\net.dll
0x00007ffc32b00000 - 0x00007ffc32b67000 	C:\WINDOWS\system32\mswsock.dll
0x00007ffc25640000 - 0x00007ffc25651000 	C:\Program Files\Android\Android Studio\jre\jre\bin\nio.dll
0x00007ffc19990000 - 0x00007ffc199b6000 	C:\Users\maxmu\.gradle\native\29\windows-amd64\native-platform.dll
0x00007ffc2f980000 - 0x00007ffc2f98d000 	C:\Program Files\Android\Android Studio\jre\jre\bin\management.dll
0x00007ffc32670000 - 0x00007ffc326a3000 	C:\WINDOWS\system32\rsaenh.dll
0x00007ffc344a0000 - 0x00007ffc344c6000 	C:\WINDOWS\System32\bcrypt.dll
0x00007ffc331e0000 - 0x00007ffc33205000 	C:\WINDOWS\SYSTEM32\USERENV.dll
0x00007ffc32cd0000 - 0x00007ffc32cdc000 	C:\WINDOWS\SYSTEM32\CRYPTBASE.dll
0x00007ffc32810000 - 0x00007ffc3284a000 	C:\WINDOWS\SYSTEM32\IPHLPAPI.DLL
0x00007ffc35df0000 - 0x00007ffc35df8000 	C:\WINDOWS\System32\NSI.dll
0x00007ffc2c390000 - 0x00007ffc2c3a6000 	C:\WINDOWS\SYSTEM32\dhcpcsvc6.DLL
0x00007ffc2d300000 - 0x00007ffc2d31c000 	C:\WINDOWS\SYSTEM32\dhcpcsvc.DLL
0x00007ffc32850000 - 0x00007ffc3291a000 	C:\WINDOWS\SYSTEM32\DNSAPI.dll

VM Arguments:
jvm_args: -Xmx1536m -Dfile.encoding=windows-1252 -Duser.country=US -Duser.language=en -Duser.variant 
java_command: org.gradle.launcher.daemon.bootstrap.GradleDaemon 5.4.1
java_class_path (initial): C:\Users\maxmu\AppData\Local\gradle-5.4.1\lib\gradle-launcher-5.4.1.jar
Launcher Type: SUN_STANDARD

Environment Variables:
PATH=C:\WINDOWS\system32;C:\WINDOWS;C:\WINDOWS\System32\Wbem;C:\WINDOWS\System32\WindowsPowerShell\v1.0\;C:\WINDOWS\System32\OpenSSH\;C:\Program Files\dotnet\;C:\Program Files\Git\cmd;;C:\Users\maxmu\AppData\Local\Programs\Microsoft VS Code\bin;C:\Users\maxmu\AppData\Local\Microsoft\WindowsApps
USERNAME=maxmu
OS=Windows_NT
PROCESSOR_IDENTIFIER=Intel64 Family 6 Model 60 Stepping 3, GenuineIntel



---------------  S Y S T E M  ---------------

OS: Windows 10.0 , 64 bit Build 18362 (10.0.18362.86)

CPU:total 4 (initial active 4) (2 cores per cpu, 2 threads per core) family 6 model 60 stepping 3, cmov, cx8, fxsr, mmx, sse, sse2, sse3, ssse3, sse4.1, sse4.2, popcnt, avx, avx2, aes, clmul, erms, lzcnt, ht, tsc, tscinvbit, bmi1, bmi2

Memory: 4k page, physical 3901920k(378520k free), swap 7281120k(6228k free)

vm_info: OpenJDK 64-Bit Server VM (25.202-b03) for windows-amd64 JRE (1.8.0_202-release-1483-b03), built by "builder" with MS VC++ 10.0 (VS2010)

time: Sun Sep 01 13:27:43 2019
timezone: E. Africa Standard Time
elapsed time: 5 seconds (0d 0h 0m 5s)

