#
# There is insufficient memory for the Java Runtime Environment to continue.
# Native memory allocation (malloc) failed to allocate 2090256 bytes for Chunk::new
# Possible reasons:
#   The system is out of physical RAM or swap space
#   The process is running with CompressedOops enabled, and the Java Heap may be blocking the growth of the native heap
# Possible solutions:
#   Reduce memory load on the system
#   Increase physical memory or swap space
#   Check if swap backing store is full
#   Decrease Java heap size (-Xmx/-Xms)
#   Decrease number of Java threads
#   Decrease Java thread stack sizes (-Xss)
#   Set larger code cache with -XX:ReservedCodeCacheSize=
#   JVM is running with Unscaled Compressed Oops mode in which the Java heap is
#     placed in the first 4GB address space. The Java Heap base address is the
#     maximum limit for the native heap growth. Please use -XX:HeapBaseMinAddress
#     to set the Java Heap base and to place the Java Heap above 4GB virtual address.
# This output file may be truncated or incomplete.
#
#  Out of Memory Error (allocation.cpp:389), pid=10180, tid=0x000000000000140c
#
# JRE version: OpenJDK Runtime Environment (8.0_202-b03) (build 1.8.0_202-release-1483-b03)
# Java VM: OpenJDK 64-Bit Server VM (25.202-b03 mixed mode windows-amd64 compressed oops)
# Failed to write core dump. Minidumps are not enabled by default on client versions of Windows
#

---------------  T H R E A D  ---------------

Current thread (0x0000000016a48000):  JavaThread "C2 CompilerThread0" daemon [_thread_in_native, id=5132, stack(0x0000000018090000,0x0000000018190000)]

Stack: [0x0000000018090000,0x0000000018190000]
[error occurred during error reporting (printing stack bounds), id 0xc0000005]

Native frames: (J=compiled Java code, j=interpreted, Vv=VM code, C=native code)


Current CompileTask:
C2:   3038 1390   !   4       java.net.URLClassLoader$1::run (63 bytes)


---------------  P R O C E S S  ---------------

Java Threads: ( => current thread )
  0x0000000019c9d000 JavaThread "Cache worker for file hash cache (D:\Work\deafop\Report\.gradle\5.4.1\fileHashes)" [_thread_blocked, id=1616, stack(0x000000001edf0000,0x000000001eef0000)]
  0x0000000019c9c800 JavaThread "Cache worker for journal cache (C:\Users\maxmu\.gradle\caches\journal-1)" [_thread_blocked, id=6152, stack(0x000000001b5e0000,0x000000001b6e0000)]
  0x0000000019c9b800 JavaThread "File lock request listener" [_thread_in_native, id=4012, stack(0x000000001b4e0000,0x000000001b5e0000)]
  0x0000000019ca1000 JavaThread "Cache worker for file hash cache (C:\Users\maxmu\.gradle\caches\5.4.1\fileHashes)" [_thread_blocked, id=8616, stack(0x000000001b3e0000,0x000000001b4e0000)]
  0x0000000019b8d000 JavaThread "Thread-9" [_thread_blocked, id=8208, stack(0x000000001b2e0000,0x000000001b3e0000)]
  0x0000000019b87800 JavaThread "Stdin handler" [_thread_blocked, id=9424, stack(0x000000001b1e0000,0x000000001b2e0000)]
  0x0000000019b92000 JavaThread "Asynchronous log dispatcher for DefaultDaemonConnection: socket connection from /127.0.0.1:54833 to /127.0.0.1:54834" [_thread_blocked, id=9308, stack(0x000000001b0e0000,0x000000001b1e0000)]
  0x0000000019b76800 JavaThread "Daemon worker" [_thread_in_vm, id=2136, stack(0x000000001afe0000,0x000000001b0e0000)]
  0x0000000019be9000 JavaThread "Cancel handler" [_thread_blocked, id=4708, stack(0x000000001aee0000,0x000000001afe0000)]
  0x0000000019b39800 JavaThread "Handler for socket connection from /127.0.0.1:54833 to /127.0.0.1:54834" [_thread_in_native, id=1168, stack(0x000000001abe0000,0x000000001ace0000)]
  0x0000000019b34000 JavaThread "Daemon" [_thread_blocked, id=3728, stack(0x000000001aae0000,0x000000001abe0000)]
  0x0000000018750000 JavaThread "Daemon periodic checks" [_thread_blocked, id=2148, stack(0x000000001a9e0000,0x000000001aae0000)]
  0x0000000018a76800 JavaThread "Incoming local TCP Connector on port 54833" [_thread_in_native, id=9792, stack(0x000000001a7a0000,0x000000001a8a0000)]
  0x0000000018b54000 JavaThread "Daemon health stats" [_thread_blocked, id=4364, stack(0x000000001a160000,0x000000001a260000)]
  0x00000000183b0800 JavaThread "Service Thread" daemon [_thread_blocked, id=8496, stack(0x0000000018790000,0x0000000018890000)]
  0x0000000016a4a000 JavaThread "C1 CompilerThread2" daemon [_thread_blocked, id=5692, stack(0x0000000018290000,0x0000000018390000)]
  0x0000000016a3c000 JavaThread "C2 CompilerThread1" daemon [_thread_in_native, id=7072, stack(0x0000000018190000,0x0000000018290000)]
=>0x0000000016a48000 JavaThread "C2 CompilerThread0" daemon [_thread_in_native, id=5132, stack(0x0000000018090000,0x0000000018190000)]
  0x0000000016a46800 JavaThread "Attach Listener" daemon [_thread_blocked, id=7276, stack(0x0000000017f90000,0x0000000018090000)]
  0x0000000016a45800 JavaThread "Signal Dispatcher" daemon [_thread_blocked, id=8412, stack(0x0000000017e90000,0x0000000017f90000)]
  0x00000000030cc000 JavaThread "Finalizer" daemon [_thread_blocked, id=7128, stack(0x0000000017c90000,0x0000000017d90000)]
  0x00000000030c3000 JavaThread "Reference Handler" daemon [_thread_blocked, id=2696, stack(0x0000000017b90000,0x0000000017c90000)]
  0x0000000002e5d800 JavaThread "main" [_thread_blocked, id=9868, stack(0x0000000002ed0000,0x0000000002fd0000)]

Other Threads:
  0x0000000016a06800 VMThread [stack: 0x0000000017a90000,0x0000000017b90000] [id=9056]
  0x0000000016a9c800 WatcherThread [stack: 0x0000000018890000,0x0000000018990000] [id=2232]

VM state:not at safepoint (normal execution)

VM Mutex/Monitor currently owned by a thread: None

heap address: 0x00000000a0000000, size: 1536 MB, Compressed Oops mode: 32-bit
Narrow klass base: 0x0000000000000000, Narrow klass shift: 3
Compressed class space size: 1073741824 Address: 0x0000000100000000

Heap:
 PSYoungGen      total 66560K, used 19885K [0x00000000e0000000, 0x00000000e4a00000, 0x0000000100000000)
  eden space 60416K, 22% used [0x00000000e0000000,0x00000000e0d73540,0x00000000e3b00000)
  from space 6144K, 99% used [0x00000000e4200000,0x00000000e47f8230,0x00000000e4800000)
  to   space 7168K, 0% used [0x00000000e3b00000,0x00000000e3b00000,0x00000000e4200000)
 ParOldGen       total 40960K, used 6142K [0x00000000a0000000, 0x00000000a2800000, 0x00000000e0000000)
  object space 40960K, 14% used [0x00000000a0000000,0x00000000a05ffa38,0x00000000a2800000)
 Metaspace       used 17298K, capacity 17700K, committed 18048K, reserved 1064960K
  class space    used 2499K, capacity 2638K, committed 2688K, reserved 1048576K

Card table byte_map: [0x0000000012490000,0x00000000127a0000] byte_map_base: 0x0000000011f90000

Marking Bits: (ParMarkBitMap*) 0x0000000077779f30
 Begin Bits: [0x0000000012da0000, 0x00000000145a0000)
 End Bits:   [0x00000000145a0000, 0x0000000015da0000)

Polling page: 0x0000000001730000

CodeCache: size=245760Kb used=5218Kb max_used=5218Kb free=240541Kb
 bounds [0x00000000030d0000, 0x00000000035f0000, 0x00000000120d0000]
 total_blobs=1909 nmethods=1511 adapters=311
 compilation: enabled

Compilation events (10 events):
Event: 3.023 Thread 0x0000000016a4a000 1514       3       sun.reflect.generics.parser.SignatureParser::parseFieldTypeSignature (73 bytes)
Event: 3.023 Thread 0x0000000016a4a000 nmethod 1514 0x00000000035e5010 code [0x00000000035e5200, 0x00000000035e56b8]
Event: 3.024 Thread 0x0000000016a4a000 1515   !   3       sun.reflect.generics.factory.CoreReflectionFactory::makeNamedType (21 bytes)
Event: 3.025 Thread 0x0000000016a4a000 nmethod 1515 0x00000000035e5910 code [0x00000000035e5aa0, 0x00000000035e5d68]
Event: 3.025 Thread 0x0000000016a4a000 1516       3       sun.reflect.generics.tree.ClassTypeSignature::accept (8 bytes)
Event: 3.025 Thread 0x0000000016a4a000 nmethod 1516 0x00000000035e5ed0 code [0x00000000035e6040, 0x00000000035e6228]
Event: 3.025 Thread 0x0000000016a4a000 1517       3       sun.reflect.generics.visitor.Reifier::visitClassTypeSignature (381 bytes)
Event: 3.028 Thread 0x0000000016a4a000 nmethod 1517 0x00000000035e6310 code [0x00000000035e6720, 0x00000000035e88e8]
Event: 3.028 Thread 0x0000000016a4a000 1518       3       org.gradle.internal.service.DefaultServiceRegistry$FactoryMethodService::<init> (29 bytes)
Event: 3.028 Thread 0x0000000016a4a000 nmethod 1518 0x00000000035e9d50 code [0x00000000035e9f20, 0x00000000035ea768]

GC Heap History (10 events):
Event: 1.000 GC heap before
{Heap before GC invocations=2 (full 0):
 PSYoungGen      total 17920K, used 17910K [0x00000000e0000000, 0x00000000e1400000, 0x0000000100000000)
  eden space 15360K, 100% used [0x00000000e0000000,0x00000000e0f00000,0x00000000e0f00000)
  from space 2560K, 99% used [0x00000000e0f00000,0x00000000e117db78,0x00000000e1180000)
  to   space 2560K, 0% used [0x00000000e1180000,0x00000000e1180000,0x00000000e1400000)
 ParOldGen       total 40960K, used 172K [0x00000000a0000000, 0x00000000a2800000, 0x00000000e0000000)
  object space 40960K, 0% used [0x00000000a0000000,0x00000000a002b100,0x00000000a2800000)
 Metaspace       used 6666K, capacity 6848K, committed 7040K, reserved 1056768K
  class space    used 811K, capacity 844K, committed 896K, reserved 1048576K
Event: 1.004 GC heap after
Heap after GC invocations=2 (full 0):
 PSYoungGen      total 17920K, used 2550K [0x00000000e0000000, 0x00000000e1400000, 0x0000000100000000)
  eden space 15360K, 0% used [0x00000000e0000000,0x00000000e0000000,0x00000000e0f00000)
  from space 2560K, 99% used [0x00000000e1180000,0x00000000e13fd940,0x00000000e1400000)
  to   space 2560K, 0% used [0x00000000e0f00000,0x00000000e0f00000,0x00000000e1180000)
 ParOldGen       total 40960K, used 333K [0x00000000a0000000, 0x00000000a2800000, 0x00000000e0000000)
  object space 40960K, 0% used [0x00000000a0000000,0x00000000a0053550,0x00000000a2800000)
 Metaspace       used 6666K, capacity 6848K, committed 7040K, reserved 1056768K
  class space    used 811K, capacity 844K, committed 896K, reserved 1048576K
}
Event: 1.217 GC heap before
{Heap before GC invocations=3 (full 0):
 PSYoungGen      total 17920K, used 17910K [0x00000000e0000000, 0x00000000e1400000, 0x0000000100000000)
  eden space 15360K, 100% used [0x00000000e0000000,0x00000000e0f00000,0x00000000e0f00000)
  from space 2560K, 99% used [0x00000000e1180000,0x00000000e13fd940,0x00000000e1400000)
  to   space 2560K, 0% used [0x00000000e0f00000,0x00000000e0f00000,0x00000000e1180000)
 ParOldGen       total 40960K, used 333K [0x00000000a0000000, 0x00000000a2800000, 0x00000000e0000000)
  object space 40960K, 0% used [0x00000000a0000000,0x00000000a0053550,0x00000000a2800000)
 Metaspace       used 6967K, capacity 7194K, committed 7424K, reserved 1056768K
  class space    used 867K, capacity 917K, committed 1024K, reserved 1048576K
Event: 1.220 GC heap after
Heap after GC invocations=3 (full 0):
 PSYoungGen      total 17920K, used 2537K [0x00000000e0000000, 0x00000000e2300000, 0x0000000100000000)
  eden space 15360K, 0% used [0x00000000e0000000,0x00000000e0000000,0x00000000e0f00000)
  from space 2560K, 99% used [0x00000000e0f00000,0x00000000e117a430,0x00000000e1180000)
  to   space 2560K, 0% used [0x00000000e2080000,0x00000000e2080000,0x00000000e2300000)
 ParOldGen       total 40960K, used 743K [0x00000000a0000000, 0x00000000a2800000, 0x00000000e0000000)
  object space 40960K, 1% used [0x00000000a0000000,0x00000000a00b9d30,0x00000000a2800000)
 Metaspace       used 6967K, capacity 7194K, committed 7424K, reserved 1056768K
  class space    used 867K, capacity 917K, committed 1024K, reserved 1048576K
}
Event: 1.426 GC heap before
{Heap before GC invocations=4 (full 0):
 PSYoungGen      total 17920K, used 17897K [0x00000000e0000000, 0x00000000e2300000, 0x0000000100000000)
  eden space 15360K, 100% used [0x00000000e0000000,0x00000000e0f00000,0x00000000e0f00000)
  from space 2560K, 99% used [0x00000000e0f00000,0x00000000e117a430,0x00000000e1180000)
  to   space 2560K, 0% used [0x00000000e2080000,0x00000000e2080000,0x00000000e2300000)
 ParOldGen       total 40960K, used 743K [0x00000000a0000000, 0x00000000a2800000, 0x00000000e0000000)
  object space 40960K, 1% used [0x00000000a0000000,0x00000000a00b9d30,0x00000000a2800000)
 Metaspace       used 9359K, capacity 9678K, committed 9856K, reserved 1058816K
  class space    used 1249K, capacity 1357K, committed 1408K, reserved 1048576K
Event: 1.430 GC heap after
Heap after GC invocations=4 (full 0):
 PSYoungGen      total 33280K, used 2528K [0x00000000e0000000, 0x00000000e2300000, 0x0000000100000000)
  eden space 30720K, 0% used [0x00000000e0000000,0x00000000e0000000,0x00000000e1e00000)
  from space 2560K, 98% used [0x00000000e2080000,0x00000000e22f8020,0x00000000e2300000)
  to   space 2560K, 0% used [0x00000000e1e00000,0x00000000e1e00000,0x00000000e2080000)
 ParOldGen       total 40960K, used 2282K [0x00000000a0000000, 0x00000000a2800000, 0x00000000e0000000)
  object space 40960K, 5% used [0x00000000a0000000,0x00000000a023ab30,0x00000000a2800000)
 Metaspace       used 9359K, capacity 9678K, committed 9856K, reserved 1058816K
  class space    used 1249K, capacity 1357K, committed 1408K, reserved 1048576K
}
Event: 2.337 GC heap before
{Heap before GC invocations=5 (full 0):
 PSYoungGen      total 33280K, used 33248K [0x00000000e0000000, 0x00000000e2300000, 0x0000000100000000)
  eden space 30720K, 100% used [0x00000000e0000000,0x00000000e1e00000,0x00000000e1e00000)
  from space 2560K, 98% used [0x00000000e2080000,0x00000000e22f8020,0x00000000e2300000)
  to   space 2560K, 0% used [0x00000000e1e00000,0x00000000e1e00000,0x00000000e2080000)
 ParOldGen       total 40960K, used 2282K [0x00000000a0000000, 0x00000000a2800000, 0x00000000e0000000)
  object space 40960K, 5% used [0x00000000a0000000,0x00000000a023ab30,0x00000000a2800000)
 Metaspace       used 13647K, capacity 14036K, committed 14336K, reserved 1060864K
  class space    used 1878K, capacity 1988K, committed 2048K, reserved 1048576K
Event: 2.345 GC heap after
Heap after GC invocations=5 (full 0):
 PSYoungGen      total 33280K, used 2544K [0x00000000e0000000, 0x00000000e4800000, 0x0000000100000000)
  eden space 30720K, 0% used [0x00000000e0000000,0x00000000e0000000,0x00000000e1e00000)
  from space 2560K, 99% used [0x00000000e1e00000,0x00000000e207c010,0x00000000e2080000)
  to   space 6144K, 0% used [0x00000000e4200000,0x00000000e4200000,0x00000000e4800000)
 ParOldGen       total 40960K, used 5951K [0x00000000a0000000, 0x00000000a2800000, 0x00000000e0000000)
  object space 40960K, 14% used [0x00000000a0000000,0x00000000a05cff28,0x00000000a2800000)
 Metaspace       used 13647K, capacity 14036K, committed 14336K, reserved 1060864K
  class space    used 1878K, capacity 1988K, committed 2048K, reserved 1048576K
}
Event: 2.789 GC heap before
{Heap before GC invocations=6 (full 0):
 PSYoungGen      total 33280K, used 33264K [0x00000000e0000000, 0x00000000e4800000, 0x0000000100000000)
  eden space 30720K, 100% used [0x00000000e0000000,0x00000000e1e00000,0x00000000e1e00000)
  from space 2560K, 99% used [0x00000000e1e00000,0x00000000e207c010,0x00000000e2080000)
  to   space 6144K, 0% used [0x00000000e4200000,0x00000000e4200000,0x00000000e4800000)
 ParOldGen       total 40960K, used 5951K [0x00000000a0000000, 0x00000000a2800000, 0x00000000e0000000)
  object space 40960K, 14% used [0x00000000a0000000,0x00000000a05cff28,0x00000000a2800000)
 Metaspace       used 16280K, capacity 16708K, committed 16896K, reserved 1062912K
  class space    used 2320K, capacity 2478K, committed 2560K, reserved 1048576K
Event: 2.802 GC heap after
Heap after GC invocations=6 (full 0):
 PSYoungGen      total 66560K, used 6112K [0x00000000e0000000, 0x00000000e4a00000, 0x0000000100000000)
  eden space 60416K, 0% used [0x00000000e0000000,0x00000000e0000000,0x00000000e3b00000)
  from space 6144K, 99% used [0x00000000e4200000,0x00000000e47f8230,0x00000000e4800000)
  to   space 7168K, 0% used [0x00000000e3b00000,0x00000000e3b00000,0x00000000e4200000)
 ParOldGen       total 40960K, used 6142K [0x00000000a0000000, 0x00000000a2800000, 0x00000000e0000000)
  object space 40960K, 14% used [0x00000000a0000000,0x00000000a05ffa38,0x00000000a2800000)
 Metaspace       used 16280K, capacity 16708K, committed 16896K, reserved 1062912K
  class space    used 2320K, capacity 2478K, committed 2560K, reserved 1048576K
}

Deoptimization events (10 events):
Event: 2.089 Thread 0x0000000019b76800 Uncommon trap: reason=bimorphic action=maybe_recompile pc=0x000000000338f1a4 method=java.util.HashMap.putVal(ILjava/lang/Object;Ljava/lang/Object;ZZ)Ljava/lang/Object; @ 253
Event: 2.089 Thread 0x0000000019b76800 Uncommon trap: reason=bimorphic action=maybe_recompile pc=0x000000000338f1a4 method=java.util.HashMap.putVal(ILjava/lang/Object;Ljava/lang/Object;ZZ)Ljava/lang/Object; @ 253
Event: 2.089 Thread 0x0000000019b76800 Uncommon trap: reason=bimorphic action=maybe_recompile pc=0x000000000338f1a4 method=java.util.HashMap.putVal(ILjava/lang/Object;Ljava/lang/Object;ZZ)Ljava/lang/Object; @ 253
Event: 2.089 Thread 0x0000000019b76800 Uncommon trap: reason=bimorphic action=maybe_recompile pc=0x000000000338f1a4 method=java.util.HashMap.putVal(ILjava/lang/Object;Ljava/lang/Object;ZZ)Ljava/lang/Object; @ 253
Event: 2.089 Thread 0x0000000019b76800 Uncommon trap: reason=bimorphic action=maybe_recompile pc=0x000000000338a678 method=java.util.HashMap.putVal(ILjava/lang/Object;Ljava/lang/Object;ZZ)Ljava/lang/Object; @ 253
Event: 2.287 Thread 0x0000000019b76800 Uncommon trap: reason=class_check action=maybe_recompile pc=0x00000000033b4c98 method=java.util.regex.Matcher.match(II)Z @ 86
Event: 2.301 Thread 0x0000000019b76800 Uncommon trap: reason=class_check action=maybe_recompile pc=0x00000000033b4c98 method=java.util.regex.Matcher.match(II)Z @ 86
Event: 2.302 Thread 0x0000000019b76800 Uncommon trap: reason=class_check action=maybe_recompile pc=0x00000000033b4c98 method=java.util.regex.Matcher.match(II)Z @ 86
Event: 2.302 Thread 0x0000000019b76800 Uncommon trap: reason=class_check action=maybe_recompile pc=0x0000000003360b5c method=java.util.regex.Matcher.match(II)Z @ 86
Event: 2.573 Thread 0x0000000019b76800 Uncommon trap: reason=unstable_if action=reinterpret pc=0x00000000034784b4 method=java.lang.String.lastIndexOf([CII[CIII)I @ 66

Classes redefined (0 events):
No events

Internal exceptions (10 events):
Event: 1.367 Thread 0x0000000002e5d800 Exception <a 'java/lang/NoSuchFieldError': method resolution failed> (0x00000000e0bee118) thrown at [D:\src\AOSP-openjdk-cygwin\jdk8u\hotspot\src\share\vm\prims\methodHandles.cpp, line 1167]
Event: 1.369 Thread 0x0000000002e5d800 Exception <a 'java/lang/NoSuchFieldError': method resolution failed> (0x00000000e0bfbdc8) thrown at [D:\src\AOSP-openjdk-cygwin\jdk8u\hotspot\src\share\vm\prims\methodHandles.cpp, line 1167]
Event: 1.971 Thread 0x0000000002e5d800 Exception <a 'java/io/IOException'> (0x00000000e042f628) thrown at [D:\src\AOSP-openjdk-cygwin\jdk8u\hotspot\src\share\vm\prims\jni.cpp, line 710]
Event: 2.015 Thread 0x0000000019b39800 Exception <a 'java/lang/NoSuchMethodError': <clinit>> (0x00000000e05df280) thrown at [D:\src\AOSP-openjdk-cygwin\jdk8u\hotspot\src\share\vm\prims\jni.cpp, line 1614]
Event: 2.017 Thread 0x0000000019b39800 Exception <a 'java/lang/NoSuchMethodError': <clinit>> (0x00000000e05e9030) thrown at [D:\src\AOSP-openjdk-cygwin\jdk8u\hotspot\src\share\vm\prims\jni.cpp, line 1614]
Event: 2.019 Thread 0x0000000019b39800 Exception <a 'java/lang/NoSuchMethodError': <clinit>> (0x00000000e05fcd80) thrown at [D:\src\AOSP-openjdk-cygwin\jdk8u\hotspot\src\share\vm\prims\jni.cpp, line 1614]
Event: 2.028 Thread 0x0000000019b39800 Exception <a 'java/lang/NoSuchMethodError': <clinit>> (0x00000000e0656fe0) thrown at [D:\src\AOSP-openjdk-cygwin\jdk8u\hotspot\src\share\vm\prims\jni.cpp, line 1614]
Event: 2.032 Thread 0x0000000019b39800 Exception <a 'java/lang/NoSuchMethodError': <clinit>> (0x00000000e068ea50) thrown at [D:\src\AOSP-openjdk-cygwin\jdk8u\hotspot\src\share\vm\prims\jni.cpp, line 1614]
Event: 2.039 Thread 0x0000000019b39800 Exception <a 'java/lang/NoSuchMethodError': <clinit>> (0x00000000e06c4228) thrown at [D:\src\AOSP-openjdk-cygwin\jdk8u\hotspot\src\share\vm\prims\jni.cpp, line 1614]
Event: 2.041 Thread 0x0000000019b39800 Exception <a 'java/lang/NoSuchMethodError': <clinit>> (0x00000000e06cfd20) thrown at [D:\src\AOSP-openjdk-cygwin\jdk8u\hotspot\src\share\vm\prims\jni.cpp, line 1614]

Events (10 events):
Event: 3.031 loading class java/util/ServiceConfigurationError
Event: 3.031 loading class java/util/ServiceConfigurationError done
Event: 3.032 loading class com/google/common/base/PatternCompiler
Event: 3.032 loading class com/google/common/base/PatternCompiler done
Event: 3.032 loading class com/google/common/base/Platform$JdkPatternCompiler
Event: 3.032 loading class com/google/common/base/Platform$JdkPatternCompiler done
Event: 3.033 loading class org/gradle/caching/internal/controller/BuildCacheController
Event: 3.033 loading class org/gradle/caching/internal/controller/BuildCacheController done
Event: 3.036 loading class org/gradle/caching/internal/origin/OriginMetadataFactory
Event: 3.036 loading class org/gradle/caching/internal/origin/OriginMetadataFactory done


Dynamic libraries:
0x00007ff678570000 - 0x00007ff6785a1000 	C:\Program Files\Android\Android Studio\jre\bin\java.exe
0x00007ffc36420000 - 0x00007ffc36610000 	C:\WINDOWS\SYSTEM32\ntdll.dll
0x00007ffc36080000 - 0x00007ffc36132000 	C:\WINDOWS\System32\KERNEL32.DLL
0x00007ffc33c70000 - 0x00007ffc33f13000 	C:\WINDOWS\System32\KERNELBASE.dll
0x00007ffc35200000 - 0x00007ffc352a3000 	C:\WINDOWS\System32\ADVAPI32.dll
0x00007ffc34fc0000 - 0x00007ffc3505e000 	C:\WINDOWS\System32\msvcrt.dll
0x00007ffc36340000 - 0x00007ffc363d7000 	C:\WINDOWS\System32\sechost.dll
0x00007ffc35f60000 - 0x00007ffc36080000 	C:\WINDOWS\System32\RPCRT4.dll
0x00007ffc361a0000 - 0x00007ffc36333000 	C:\WINDOWS\System32\USER32.dll
0x00007ffc333b0000 - 0x00007ffc333d1000 	C:\WINDOWS\System32\win32u.dll
0x00007ffc35460000 - 0x00007ffc35486000 	C:\WINDOWS\System32\GDI32.dll
0x00007ffc340d0000 - 0x00007ffc34264000 	C:\WINDOWS\System32\gdi32full.dll
0x00007ffc33400000 - 0x00007ffc3349e000 	C:\WINDOWS\System32\msvcp_win.dll
0x00007ffc33f20000 - 0x00007ffc3401a000 	C:\WINDOWS\System32\ucrtbase.dll
0x00007ffc2eae0000 - 0x00007ffc2ed65000 	C:\WINDOWS\WinSxS\amd64_microsoft.windows.common-controls_6595b64144ccf1df_6.0.18362.295_none_e6c3acbd13101292\COMCTL32.dll
0x00007ffc35510000 - 0x00007ffc35846000 	C:\WINDOWS\System32\combase.dll
0x00007ffc34270000 - 0x00007ffc342f0000 	C:\WINDOWS\System32\bcryptPrimitives.dll
0x00007ffc34f90000 - 0x00007ffc34fbe000 	C:\WINDOWS\System32\IMM32.DLL
0x0000000076aa0000 - 0x0000000076b72000 	C:\Program Files\Android\Android Studio\jre\jre\bin\msvcr100.dll
0x0000000076fb0000 - 0x00000000777f6000 	C:\Program Files\Android\Android Studio\jre\jre\bin\server\jvm.dll
0x00007ffc34570000 - 0x00007ffc34578000 	C:\WINDOWS\System32\PSAPI.DLL
0x00007ffc24c50000 - 0x00007ffc24c59000 	C:\WINDOWS\SYSTEM32\WSOCK32.dll
0x00007ffc2fdf0000 - 0x00007ffc2fe14000 	C:\WINDOWS\SYSTEM32\WINMM.dll
0x00007ffc35190000 - 0x00007ffc351ff000 	C:\WINDOWS\System32\WS2_32.dll
0x00007ffc27d50000 - 0x00007ffc27d5a000 	C:\WINDOWS\SYSTEM32\VERSION.dll
0x00007ffc2fdc0000 - 0x00007ffc2fded000 	C:\WINDOWS\SYSTEM32\winmmbase.dll
0x00007ffc33c20000 - 0x00007ffc33c6a000 	C:\WINDOWS\System32\cfgmgr32.dll
0x00007ffc2f9e0000 - 0x00007ffc2f9ef000 	C:\Program Files\Android\Android Studio\jre\jre\bin\verify.dll
0x00007ffc2f9b0000 - 0x00007ffc2f9d9000 	C:\Program Files\Android\Android Studio\jre\jre\bin\java.dll
0x00007ffc2f990000 - 0x00007ffc2f9a6000 	C:\Program Files\Android\Android Studio\jre\jre\bin\zip.dll
0x00007ffc34760000 - 0x00007ffc34e42000 	C:\WINDOWS\System32\SHELL32.dll
0x00007ffc34600000 - 0x00007ffc346a9000 	C:\WINDOWS\System32\shcore.dll
0x00007ffc334a0000 - 0x00007ffc33c1c000 	C:\WINDOWS\System32\windows.storage.dll
0x00007ffc33390000 - 0x00007ffc333af000 	C:\WINDOWS\System32\profapi.dll
0x00007ffc33340000 - 0x00007ffc3338a000 	C:\WINDOWS\System32\powrprof.dll
0x00007ffc332f0000 - 0x00007ffc33300000 	C:\WINDOWS\System32\UMPDC.dll
0x00007ffc35130000 - 0x00007ffc35182000 	C:\WINDOWS\System32\shlwapi.dll
0x00007ffc33300000 - 0x00007ffc33311000 	C:\WINDOWS\System32\kernel.appcore.dll
0x00007ffc333e0000 - 0x00007ffc333f7000 	C:\WINDOWS\System32\cryptsp.dll
0x00007ffc2e430000 - 0x00007ffc2e44a000 	C:\Program Files\Android\Android Studio\jre\jre\bin\net.dll
0x00007ffc32b00000 - 0x00007ffc32b67000 	C:\WINDOWS\system32\mswsock.dll
0x00007ffc25640000 - 0x00007ffc25651000 	C:\Program Files\Android\Android Studio\jre\jre\bin\nio.dll
0x00007ffc19990000 - 0x00007ffc199b6000 	C:\Users\maxmu\.gradle\native\29\windows-amd64\native-platform.dll
0x00007ffc2f980000 - 0x00007ffc2f98d000 	C:\Program Files\Android\Android Studio\jre\jre\bin\management.dll
0x00007ffc32670000 - 0x00007ffc326a3000 	C:\WINDOWS\system32\rsaenh.dll
0x00007ffc344a0000 - 0x00007ffc344c6000 	C:\WINDOWS\System32\bcrypt.dll
0x00007ffc331e0000 - 0x00007ffc33205000 	C:\WINDOWS\SYSTEM32\USERENV.dll
0x00007ffc32cd0000 - 0x00007ffc32cdc000 	C:\WINDOWS\SYSTEM32\CRYPTBASE.dll
0x00007ffc32810000 - 0x00007ffc3284a000 	C:\WINDOWS\SYSTEM32\IPHLPAPI.DLL
0x00007ffc35df0000 - 0x00007ffc35df8000 	C:\WINDOWS\System32\NSI.dll
0x00007ffc2c390000 - 0x00007ffc2c3a6000 	C:\WINDOWS\SYSTEM32\dhcpcsvc6.DLL
0x00007ffc2d300000 - 0x00007ffc2d31c000 	C:\WINDOWS\SYSTEM32\dhcpcsvc.DLL
0x00007ffc32850000 - 0x00007ffc3291a000 	C:\WINDOWS\SYSTEM32\DNSAPI.dll

VM Arguments:
jvm_args: -Xmx1536m -Dfile.encoding=windows-1252 -Duser.country=US -Duser.language=en -Duser.variant 
java_command: org.gradle.launcher.daemon.bootstrap.GradleDaemon 5.4.1
java_class_path (initial): C:\Users\maxmu\AppData\Local\gradle-5.4.1\lib\gradle-launcher-5.4.1.jar
Launcher Type: SUN_STANDARD

Environment Variables:
PATH=C:\WINDOWS\system32;C:\WINDOWS;C:\WINDOWS\System32\Wbem;C:\WINDOWS\System32\WindowsPowerShell\v1.0\;C:\WINDOWS\System32\OpenSSH\;C:\Program Files\dotnet\;C:\Program Files\Git\cmd;;C:\Users\maxmu\AppData\Local\Programs\Microsoft VS Code\bin;C:\Users\maxmu\AppData\Local\Microsoft\WindowsApps
USERNAME=maxmu
OS=Windows_NT
PROCESSOR_IDENTIFIER=Intel64 Family 6 Model 60 Stepping 3, GenuineIntel



---------------  S Y S T E M  ---------------

OS: Windows 10.0 , 64 bit Build 18362 (10.0.18362.86)

CPU:total 4 (initial active 4) (2 cores per cpu, 2 threads per core) family 6 model 60 stepping 3, cmov, cx8, fxsr, mmx, sse, sse2, sse3, ssse3, sse4.1, sse4.2, popcnt, avx, avx2, aes, clmul, erms, lzcnt, ht, tsc, tscinvbit, bmi1, bmi2

Memory: 4k page, physical 3901920k(336652k free), swap 7281120k(5560k free)

vm_info: OpenJDK 64-Bit Server VM (25.202-b03) for windows-amd64 JRE (1.8.0_202-release-1483-b03), built by "builder" with MS VC++ 10.0 (VS2010)

time: Sun Sep 01 13:29:59 2019
timezone: E. Africa Standard Time
elapsed time: 3 seconds (0d 0h 0m 3s)

