#
# There is insufficient memory for the Java Runtime Environment to continue.
# Native memory allocation (malloc) failed to allocate 1501264 bytes for Chunk::new
# Possible reasons:
#   The system is out of physical RAM or swap space
#   The process is running with CompressedOops enabled, and the Java Heap may be blocking the growth of the native heap
# Possible solutions:
#   Reduce memory load on the system
#   Increase physical memory or swap space
#   Check if swap backing store is full
#   Decrease Java heap size (-Xmx/-Xms)
#   Decrease number of Java threads
#   Decrease Java thread stack sizes (-Xss)
#   Set larger code cache with -XX:ReservedCodeCacheSize=
#   JVM is running with Unscaled Compressed Oops mode in which the Java heap is
#     placed in the first 4GB address space. The Java Heap base address is the
#     maximum limit for the native heap growth. Please use -XX:HeapBaseMinAddress
#     to set the Java Heap base and to place the Java Heap above 4GB virtual address.
# This output file may be truncated or incomplete.
#
#  Out of Memory Error (allocation.cpp:389), pid=652, tid=0x00000000000004a0
#
# JRE version: OpenJDK Runtime Environment (8.0_202-b03) (build 1.8.0_202-release-1483-b03)
# Java VM: OpenJDK 64-Bit Server VM (25.202-b03 mixed mode windows-amd64 compressed oops)
# Failed to write core dump. Minidumps are not enabled by default on client versions of Windows
#

---------------  T H R E A D  ---------------

Current thread (0x0000000016abc800):  JavaThread "C2 CompilerThread1" daemon [_thread_in_native, id=1184, stack(0x0000000018220000,0x0000000018320000)]

Stack: [0x0000000018220000,0x0000000018320000]
[error occurred during error reporting (printing stack bounds), id 0xc0000005]

Native frames: (J=compiled Java code, j=interpreted, Vv=VM code, C=native code)


Current CompileTask:
C2:   3698 1386   !   4       java.net.URLClassLoader$1::run (63 bytes)


---------------  P R O C E S S  ---------------

Java Threads: ( => current thread )
  0x0000000019e8f800 JavaThread "Cache worker for file hash cache (D:\Work\deafop\Report\.gradle\5.4.1\fileHashes)" [_thread_blocked, id=7292, stack(0x000000001ee70000,0x000000001ef70000)]
  0x0000000019e8c000 JavaThread "Cache worker for journal cache (C:\Users\maxmu\.gradle\caches\journal-1)" [_thread_blocked, id=2680, stack(0x000000001b670000,0x000000001b770000)]
  0x0000000019e8f000 JavaThread "File lock request listener" [_thread_in_native, id=2988, stack(0x000000001b570000,0x000000001b670000)]
  0x0000000019f10000 JavaThread "Cache worker for file hash cache (C:\Users\maxmu\.gradle\caches\5.4.1\fileHashes)" [_thread_blocked, id=10232, stack(0x000000001b470000,0x000000001b570000)]
  0x0000000019c69800 JavaThread "Thread-9" [_thread_blocked, id=6108, stack(0x000000001b370000,0x000000001b470000)]
  0x0000000019cc1000 JavaThread "Stdin handler" [_thread_blocked, id=10048, stack(0x000000001b270000,0x000000001b370000)]
  0x0000000019cc0800 JavaThread "Asynchronous log dispatcher for DefaultDaemonConnection: socket connection from /127.0.0.1:54827 to /127.0.0.1:54828" [_thread_blocked, id=6024, stack(0x000000001b170000,0x000000001b270000)]
  0x0000000019c6b800 JavaThread "Daemon worker" [_thread_in_vm, id=3668, stack(0x000000001b070000,0x000000001b170000)]
  0x0000000019c3c000 JavaThread "Cancel handler" [_thread_blocked, id=10124, stack(0x000000001af70000,0x000000001b070000)]
  0x0000000019c23800 JavaThread "Handler for socket connection from /127.0.0.1:54827 to /127.0.0.1:54828" [_thread_in_native, id=6776, stack(0x000000001ac70000,0x000000001ad70000)]
  0x0000000019c1a000 JavaThread "Daemon" [_thread_blocked, id=9560, stack(0x000000001ab70000,0x000000001ac70000)]
  0x0000000019bbf800 JavaThread "Daemon periodic checks" [_thread_blocked, id=6524, stack(0x000000001aa70000,0x000000001ab70000)]
  0x0000000019ba2800 JavaThread "Incoming local TCP Connector on port 54827" [_thread_in_native, id=6368, stack(0x000000001a830000,0x000000001a930000)]
  0x0000000019b49800 JavaThread "Daemon health stats" [_thread_blocked, id=7856, stack(0x000000001a1f0000,0x000000001a2f0000)]
  0x0000000016b1e800 JavaThread "Service Thread" daemon [_thread_blocked, id=7788, stack(0x0000000018820000,0x0000000018920000)]
  0x0000000016ac9000 JavaThread "C1 CompilerThread2" daemon [_thread_blocked, id=2948, stack(0x0000000018320000,0x0000000018420000)]
=>0x0000000016abc800 JavaThread "C2 CompilerThread1" daemon [_thread_in_native, id=1184, stack(0x0000000018220000,0x0000000018320000)]
  0x0000000016ab8000 JavaThread "C2 CompilerThread0" daemon [_thread_in_native, id=9536, stack(0x0000000018120000,0x0000000018220000)]
  0x0000000016ac5800 JavaThread "Attach Listener" daemon [_thread_blocked, id=9252, stack(0x0000000018020000,0x0000000018120000)]
  0x0000000016ac4800 JavaThread "Signal Dispatcher" daemon [_thread_blocked, id=3556, stack(0x0000000017f20000,0x0000000018020000)]
  0x000000000314b000 JavaThread "Finalizer" daemon [_thread_blocked, id=5644, stack(0x0000000017d20000,0x0000000017e20000)]
  0x0000000016aa9000 JavaThread "Reference Handler" daemon [_thread_blocked, id=2368, stack(0x0000000017c20000,0x0000000017d20000)]
  0x000000000304d800 JavaThread "main" [_thread_blocked, id=2584, stack(0x0000000002e70000,0x0000000002f70000)]

Other Threads:
  0x0000000016a87000 VMThread [stack: 0x0000000017b20000,0x0000000017c20000] [id=228]
  0x000000001844e000 WatcherThread [stack: 0x0000000018920000,0x0000000018a20000] [id=7568]

VM state:not at safepoint (normal execution)

VM Mutex/Monitor currently owned by a thread: None

heap address: 0x00000000a0000000, size: 1536 MB, Compressed Oops mode: 32-bit
Narrow klass base: 0x0000000000000000, Narrow klass shift: 3
Compressed class space size: 1073741824 Address: 0x0000000100000000

Heap:
 PSYoungGen      total 66560K, used 18077K [0x00000000e0000000, 0x00000000e4a00000, 0x0000000100000000)
  eden space 60416K, 19% used [0x00000000e0000000,0x00000000e0bab8e0,0x00000000e3b00000)
  from space 6144K, 99% used [0x00000000e4200000,0x00000000e47fbce8,0x00000000e4800000)
  to   space 7168K, 0% used [0x00000000e3b00000,0x00000000e3b00000,0x00000000e4200000)
 ParOldGen       total 40960K, used 6189K [0x00000000a0000000, 0x00000000a2800000, 0x00000000e0000000)
  object space 40960K, 15% used [0x00000000a0000000,0x00000000a060b718,0x00000000a2800000)
 Metaspace       used 17132K, capacity 17544K, committed 17792K, reserved 1064960K
  class space    used 2477K, capacity 2606K, committed 2688K, reserved 1048576K

Card table byte_map: [0x0000000012510000,0x0000000012820000] byte_map_base: 0x0000000012010000

Marking Bits: (ParMarkBitMap*) 0x0000000077779f30
 Begin Bits: [0x0000000012e20000, 0x0000000014620000)
 End Bits:   [0x0000000014620000, 0x0000000015e20000)

Polling page: 0x00000000015f0000

CodeCache: size=245760Kb used=5057Kb max_used=5057Kb free=240702Kb
 bounds [0x0000000003150000, 0x0000000003650000, 0x0000000012150000]
 total_blobs=1877 nmethods=1479 adapters=311
 compilation: enabled

Compilation events (10 events):
Event: 3.689 Thread 0x0000000016ac9000 1473       1       java.util.TreeMap::access$100 (5 bytes)
Event: 3.689 Thread 0x0000000016ac9000 nmethod 1473 0x000000000363a990 code [0x000000000363aae0, 0x000000000363abd0]
Event: 3.690 Thread 0x0000000016ac9000 1474       3       org.gradle.internal.reflect.PropertyAccessorType::of (95 bytes)
Event: 3.693 Thread 0x0000000016ac9000 nmethod 1474 0x000000000363ac50 code [0x000000000363af20, 0x000000000363cc28]
Event: 3.693 Thread 0x0000000016ac9000 1475       3       org.gradle.internal.reflect.PropertyAccessorType::isStatic (8 bytes)
Event: 3.693 Thread 0x0000000016ac9000 nmethod 1475 0x000000000363d450 code [0x000000000363d5c0, 0x000000000363d850]
Event: 3.693 Thread 0x0000000016ac9000 1476       3       sun.misc.ProxyGenerator::code_aload (11 bytes)
Event: 3.694 Thread 0x0000000016ac9000 nmethod 1476 0x000000000363d910 code [0x000000000363da80, 0x000000000363dc28]
Event: 3.695 Thread 0x0000000016ac9000 1477       1       sun.misc.ProxyGenerator::access$800 (5 bytes)
Event: 3.695 Thread 0x0000000016ac9000 nmethod 1477 0x000000000363dcd0 code [0x000000000363de20, 0x000000000363df10]

GC Heap History (10 events):
Event: 0.944 GC heap before
{Heap before GC invocations=2 (full 0):
 PSYoungGen      total 17920K, used 17900K [0x00000000e0000000, 0x00000000e1400000, 0x0000000100000000)
  eden space 15360K, 100% used [0x00000000e0000000,0x00000000e0f00000,0x00000000e0f00000)
  from space 2560K, 99% used [0x00000000e0f00000,0x00000000e117b160,0x00000000e1180000)
  to   space 2560K, 0% used [0x00000000e1180000,0x00000000e1180000,0x00000000e1400000)
 ParOldGen       total 40960K, used 216K [0x00000000a0000000, 0x00000000a2800000, 0x00000000e0000000)
  object space 40960K, 0% used [0x00000000a0000000,0x00000000a0036358,0x00000000a2800000)
 Metaspace       used 6659K, capacity 6852K, committed 7040K, reserved 1056768K
  class space    used 811K, capacity 844K, committed 896K, reserved 1048576K
Event: 0.947 GC heap after
Heap after GC invocations=2 (full 0):
 PSYoungGen      total 17920K, used 2536K [0x00000000e0000000, 0x00000000e1400000, 0x0000000100000000)
  eden space 15360K, 0% used [0x00000000e0000000,0x00000000e0000000,0x00000000e0f00000)
  from space 2560K, 99% used [0x00000000e1180000,0x00000000e13fa0a8,0x00000000e1400000)
  to   space 2560K, 0% used [0x00000000e0f00000,0x00000000e0f00000,0x00000000e1180000)
 ParOldGen       total 40960K, used 377K [0x00000000a0000000, 0x00000000a2800000, 0x00000000e0000000)
  object space 40960K, 0% used [0x00000000a0000000,0x00000000a005e7a8,0x00000000a2800000)
 Metaspace       used 6659K, capacity 6852K, committed 7040K, reserved 1056768K
  class space    used 811K, capacity 844K, committed 896K, reserved 1048576K
}
Event: 1.193 GC heap before
{Heap before GC invocations=3 (full 0):
 PSYoungGen      total 17920K, used 17896K [0x00000000e0000000, 0x00000000e1400000, 0x0000000100000000)
  eden space 15360K, 100% used [0x00000000e0000000,0x00000000e0f00000,0x00000000e0f00000)
  from space 2560K, 99% used [0x00000000e1180000,0x00000000e13fa0a8,0x00000000e1400000)
  to   space 2560K, 0% used [0x00000000e0f00000,0x00000000e0f00000,0x00000000e1180000)
 ParOldGen       total 40960K, used 377K [0x00000000a0000000, 0x00000000a2800000, 0x00000000e0000000)
  object space 40960K, 0% used [0x00000000a0000000,0x00000000a005e7a8,0x00000000a2800000)
 Metaspace       used 6960K, capacity 7198K, committed 7424K, reserved 1056768K
  class space    used 869K, capacity 917K, committed 1024K, reserved 1048576K
Event: 1.197 GC heap after
Heap after GC invocations=3 (full 0):
 PSYoungGen      total 17920K, used 2544K [0x00000000e0000000, 0x00000000e2300000, 0x0000000100000000)
  eden space 15360K, 0% used [0x00000000e0000000,0x00000000e0000000,0x00000000e0f00000)
  from space 2560K, 99% used [0x00000000e0f00000,0x00000000e117c010,0x00000000e1180000)
  to   space 2560K, 0% used [0x00000000e2080000,0x00000000e2080000,0x00000000e2300000)
 ParOldGen       total 40960K, used 781K [0x00000000a0000000, 0x00000000a2800000, 0x00000000e0000000)
  object space 40960K, 1% used [0x00000000a0000000,0x00000000a00c3448,0x00000000a2800000)
 Metaspace       used 6960K, capacity 7198K, committed 7424K, reserved 1056768K
  class space    used 869K, capacity 917K, committed 1024K, reserved 1048576K
}
Event: 1.490 GC heap before
{Heap before GC invocations=4 (full 0):
 PSYoungGen      total 17920K, used 17904K [0x00000000e0000000, 0x00000000e2300000, 0x0000000100000000)
  eden space 15360K, 100% used [0x00000000e0000000,0x00000000e0f00000,0x00000000e0f00000)
  from space 2560K, 99% used [0x00000000e0f00000,0x00000000e117c010,0x00000000e1180000)
  to   space 2560K, 0% used [0x00000000e2080000,0x00000000e2080000,0x00000000e2300000)
 ParOldGen       total 40960K, used 781K [0x00000000a0000000, 0x00000000a2800000, 0x00000000e0000000)
  object space 40960K, 1% used [0x00000000a0000000,0x00000000a00c3448,0x00000000a2800000)
 Metaspace       used 9350K, capacity 9682K, committed 9856K, reserved 1058816K
  class space    used 1252K, capacity 1357K, committed 1408K, reserved 1048576K
Event: 1.497 GC heap after
Heap after GC invocations=4 (full 0):
 PSYoungGen      total 33280K, used 2528K [0x00000000e0000000, 0x00000000e2300000, 0x0000000100000000)
  eden space 30720K, 0% used [0x00000000e0000000,0x00000000e0000000,0x00000000e1e00000)
  from space 2560K, 98% used [0x00000000e2080000,0x00000000e22f8020,0x00000000e2300000)
  to   space 2560K, 0% used [0x00000000e1e00000,0x00000000e1e00000,0x00000000e2080000)
 ParOldGen       total 40960K, used 2346K [0x00000000a0000000, 0x00000000a2800000, 0x00000000e0000000)
  object space 40960K, 5% used [0x00000000a0000000,0x00000000a024aa68,0x00000000a2800000)
 Metaspace       used 9350K, capacity 9682K, committed 9856K, reserved 1058816K
  class space    used 1252K, capacity 1357K, committed 1408K, reserved 1048576K
}
Event: 2.815 GC heap before
{Heap before GC invocations=5 (full 0):
 PSYoungGen      total 33280K, used 33248K [0x00000000e0000000, 0x00000000e2300000, 0x0000000100000000)
  eden space 30720K, 100% used [0x00000000e0000000,0x00000000e1e00000,0x00000000e1e00000)
  from space 2560K, 98% used [0x00000000e2080000,0x00000000e22f8020,0x00000000e2300000)
  to   space 2560K, 0% used [0x00000000e1e00000,0x00000000e1e00000,0x00000000e2080000)
 ParOldGen       total 40960K, used 2346K [0x00000000a0000000, 0x00000000a2800000, 0x00000000e0000000)
  object space 40960K, 5% used [0x00000000a0000000,0x00000000a024aa68,0x00000000a2800000)
 Metaspace       used 13642K, capacity 14072K, committed 14336K, reserved 1060864K
  class space    used 1881K, capacity 2020K, committed 2048K, reserved 1048576K
Event: 2.828 GC heap after
Heap after GC invocations=5 (full 0):
 PSYoungGen      total 33280K, used 2528K [0x00000000e0000000, 0x00000000e4800000, 0x0000000100000000)
  eden space 30720K, 0% used [0x00000000e0000000,0x00000000e0000000,0x00000000e1e00000)
  from space 2560K, 98% used [0x00000000e1e00000,0x00000000e2078040,0x00000000e2080000)
  to   space 6144K, 0% used [0x00000000e4200000,0x00000000e4200000,0x00000000e4800000)
 ParOldGen       total 40960K, used 5990K [0x00000000a0000000, 0x00000000a2800000, 0x00000000e0000000)
  object space 40960K, 14% used [0x00000000a0000000,0x00000000a05d9908,0x00000000a2800000)
 Metaspace       used 13642K, capacity 14072K, committed 14336K, reserved 1060864K
  class space    used 1881K, capacity 2020K, committed 2048K, reserved 1048576K
}
Event: 3.453 GC heap before
{Heap before GC invocations=6 (full 0):
 PSYoungGen      total 33280K, used 33248K [0x00000000e0000000, 0x00000000e4800000, 0x0000000100000000)
  eden space 30720K, 100% used [0x00000000e0000000,0x00000000e1e00000,0x00000000e1e00000)
  from space 2560K, 98% used [0x00000000e1e00000,0x00000000e2078040,0x00000000e2080000)
  to   space 6144K, 0% used [0x00000000e4200000,0x00000000e4200000,0x00000000e4800000)
 ParOldGen       total 40960K, used 5990K [0x00000000a0000000, 0x00000000a2800000, 0x00000000e0000000)
  object space 40960K, 14% used [0x00000000a0000000,0x00000000a05d9908,0x00000000a2800000)
 Metaspace       used 16268K, capacity 16712K, committed 16896K, reserved 1062912K
  class space    used 2319K, capacity 2478K, committed 2560K, reserved 1048576K
Event: 3.471 GC heap after
Heap after GC invocations=6 (full 0):
 PSYoungGen      total 66560K, used 6127K [0x00000000e0000000, 0x00000000e4a00000, 0x0000000100000000)
  eden space 60416K, 0% used [0x00000000e0000000,0x00000000e0000000,0x00000000e3b00000)
  from space 6144K, 99% used [0x00000000e4200000,0x00000000e47fbce8,0x00000000e4800000)
  to   space 7168K, 0% used [0x00000000e3b00000,0x00000000e3b00000,0x00000000e4200000)
 ParOldGen       total 40960K, used 6189K [0x00000000a0000000, 0x00000000a2800000, 0x00000000e0000000)
  object space 40960K, 15% used [0x00000000a0000000,0x00000000a060b718,0x00000000a2800000)
 Metaspace       used 16268K, capacity 16712K, committed 16896K, reserved 1062912K
  class space    used 2319K, capacity 2478K, committed 2560K, reserved 1048576K
}

Deoptimization events (10 events):
Event: 2.451 Thread 0x0000000019c6b800 Uncommon trap: reason=bimorphic action=maybe_recompile pc=0x00000000033fa900 method=java.util.HashMap.putVal(ILjava/lang/Object;Ljava/lang/Object;ZZ)Ljava/lang/Object; @ 253
Event: 2.451 Thread 0x0000000019c6b800 Uncommon trap: reason=bimorphic action=maybe_recompile pc=0x00000000033fa900 method=java.util.HashMap.putVal(ILjava/lang/Object;Ljava/lang/Object;ZZ)Ljava/lang/Object; @ 253
Event: 2.452 Thread 0x0000000019c6b800 Uncommon trap: reason=bimorphic action=maybe_recompile pc=0x00000000033fa900 method=java.util.HashMap.putVal(ILjava/lang/Object;Ljava/lang/Object;ZZ)Ljava/lang/Object; @ 253
Event: 2.452 Thread 0x0000000019c6b800 Uncommon trap: reason=bimorphic action=maybe_recompile pc=0x00000000033fa900 method=java.util.HashMap.putVal(ILjava/lang/Object;Ljava/lang/Object;ZZ)Ljava/lang/Object; @ 253
Event: 2.453 Thread 0x0000000019c6b800 Uncommon trap: reason=bimorphic action=maybe_recompile pc=0x00000000033f5da0 method=java.util.HashMap.putVal(ILjava/lang/Object;Ljava/lang/Object;ZZ)Ljava/lang/Object; @ 253
Event: 2.748 Thread 0x0000000019c6b800 Uncommon trap: reason=class_check action=maybe_recompile pc=0x00000000034232d8 method=java.util.regex.Matcher.match(II)Z @ 86
Event: 2.766 Thread 0x0000000019c6b800 Uncommon trap: reason=class_check action=maybe_recompile pc=0x00000000034232d8 method=java.util.regex.Matcher.match(II)Z @ 86
Event: 2.766 Thread 0x0000000019c6b800 Uncommon trap: reason=class_check action=maybe_recompile pc=0x00000000034232d8 method=java.util.regex.Matcher.match(II)Z @ 86
Event: 2.766 Thread 0x0000000019c6b800 Uncommon trap: reason=class_check action=maybe_recompile pc=0x00000000033df99c method=java.util.regex.Matcher.match(II)Z @ 86
Event: 3.123 Thread 0x0000000019c6b800 Uncommon trap: reason=unstable_if action=reinterpret pc=0x00000000034eb034 method=java.lang.String.lastIndexOf([CII[CIII)I @ 66

Classes redefined (0 events):
No events

Internal exceptions (10 events):
Event: 1.398 Thread 0x000000000304d800 Exception <a 'java/lang/NoSuchFieldError': method resolution failed> (0x00000000e0bddf00) thrown at [D:\src\AOSP-openjdk-cygwin\jdk8u\hotspot\src\share\vm\prims\methodHandles.cpp, line 1167]
Event: 1.403 Thread 0x000000000304d800 Exception <a 'java/lang/NoSuchFieldError': method resolution failed> (0x00000000e0bebbd0) thrown at [D:\src\AOSP-openjdk-cygwin\jdk8u\hotspot\src\share\vm\prims\methodHandles.cpp, line 1167]
Event: 2.304 Thread 0x000000000304d800 Exception <a 'java/io/IOException'> (0x00000000e041f558) thrown at [D:\src\AOSP-openjdk-cygwin\jdk8u\hotspot\src\share\vm\prims\jni.cpp, line 710]
Event: 2.370 Thread 0x0000000019c23800 Exception <a 'java/lang/NoSuchMethodError': <clinit>> (0x00000000e0607b70) thrown at [D:\src\AOSP-openjdk-cygwin\jdk8u\hotspot\src\share\vm\prims\jni.cpp, line 1614]
Event: 2.371 Thread 0x0000000019c23800 Exception <a 'java/lang/NoSuchMethodError': <clinit>> (0x00000000e0611920) thrown at [D:\src\AOSP-openjdk-cygwin\jdk8u\hotspot\src\share\vm\prims\jni.cpp, line 1614]
Event: 2.373 Thread 0x0000000019c23800 Exception <a 'java/lang/NoSuchMethodError': <clinit>> (0x00000000e0625670) thrown at [D:\src\AOSP-openjdk-cygwin\jdk8u\hotspot\src\share\vm\prims\jni.cpp, line 1614]
Event: 2.388 Thread 0x0000000019c23800 Exception <a 'java/lang/NoSuchMethodError': <clinit>> (0x00000000e067f878) thrown at [D:\src\AOSP-openjdk-cygwin\jdk8u\hotspot\src\share\vm\prims\jni.cpp, line 1614]
Event: 2.393 Thread 0x0000000019c23800 Exception <a 'java/lang/NoSuchMethodError': <clinit>> (0x00000000e06b7320) thrown at [D:\src\AOSP-openjdk-cygwin\jdk8u\hotspot\src\share\vm\prims\jni.cpp, line 1614]
Event: 2.402 Thread 0x0000000019c23800 Exception <a 'java/lang/NoSuchMethodError': <clinit>> (0x00000000e06eca98) thrown at [D:\src\AOSP-openjdk-cygwin\jdk8u\hotspot\src\share\vm\prims\jni.cpp, line 1614]
Event: 2.405 Thread 0x0000000019c23800 Exception <a 'java/lang/NoSuchMethodError': <clinit>> (0x00000000e06f8590) thrown at [D:\src\AOSP-openjdk-cygwin\jdk8u\hotspot\src\share\vm\prims\jni.cpp, line 1614]

Events (10 events):
Event: 3.687 loading class org/gradle/api/DomainObjectSet
Event: 3.687 loading class org/gradle/api/DomainObjectSet done
Event: 3.687 loading class org/gradle/api/DomainObjectCollection
Event: 3.687 loading class org/gradle/api/DomainObjectCollection done
Event: 3.688 loading class org/gradle/configuration/ConfigurationTargetIdentifier
Event: 3.688 loading class org/gradle/configuration/ConfigurationTargetIdentifier done
Event: 3.691 loading class javax/annotation/Nullable
Event: 3.691 loading class javax/annotation/Nullable done
Event: 3.692 loading class javax/annotation/Nonnull
Event: 3.692 loading class javax/annotation/Nonnull done


Dynamic libraries:
0x00007ff678570000 - 0x00007ff6785a1000 	C:\Program Files\Android\Android Studio\jre\bin\java.exe
0x00007ffc36420000 - 0x00007ffc36610000 	C:\WINDOWS\SYSTEM32\ntdll.dll
0x00007ffc36080000 - 0x00007ffc36132000 	C:\WINDOWS\System32\KERNEL32.DLL
0x00007ffc33c70000 - 0x00007ffc33f13000 	C:\WINDOWS\System32\KERNELBASE.dll
0x00007ffc35200000 - 0x00007ffc352a3000 	C:\WINDOWS\System32\ADVAPI32.dll
0x00007ffc34fc0000 - 0x00007ffc3505e000 	C:\WINDOWS\System32\msvcrt.dll
0x00007ffc36340000 - 0x00007ffc363d7000 	C:\WINDOWS\System32\sechost.dll
0x00007ffc35f60000 - 0x00007ffc36080000 	C:\WINDOWS\System32\RPCRT4.dll
0x00007ffc361a0000 - 0x00007ffc36333000 	C:\WINDOWS\System32\USER32.dll
0x00007ffc333b0000 - 0x00007ffc333d1000 	C:\WINDOWS\System32\win32u.dll
0x00007ffc35460000 - 0x00007ffc35486000 	C:\WINDOWS\System32\GDI32.dll
0x00007ffc340d0000 - 0x00007ffc34264000 	C:\WINDOWS\System32\gdi32full.dll
0x00007ffc33400000 - 0x00007ffc3349e000 	C:\WINDOWS\System32\msvcp_win.dll
0x00007ffc33f20000 - 0x00007ffc3401a000 	C:\WINDOWS\System32\ucrtbase.dll
0x00007ffc2eae0000 - 0x00007ffc2ed65000 	C:\WINDOWS\WinSxS\amd64_microsoft.windows.common-controls_6595b64144ccf1df_6.0.18362.295_none_e6c3acbd13101292\COMCTL32.dll
0x00007ffc35510000 - 0x00007ffc35846000 	C:\WINDOWS\System32\combase.dll
0x00007ffc34270000 - 0x00007ffc342f0000 	C:\WINDOWS\System32\bcryptPrimitives.dll
0x00007ffc34f90000 - 0x00007ffc34fbe000 	C:\WINDOWS\System32\IMM32.DLL
0x0000000076aa0000 - 0x0000000076b72000 	C:\Program Files\Android\Android Studio\jre\jre\bin\msvcr100.dll
0x0000000076fb0000 - 0x00000000777f6000 	C:\Program Files\Android\Android Studio\jre\jre\bin\server\jvm.dll
0x00007ffc34570000 - 0x00007ffc34578000 	C:\WINDOWS\System32\PSAPI.DLL
0x00007ffc24c50000 - 0x00007ffc24c59000 	C:\WINDOWS\SYSTEM32\WSOCK32.dll
0x00007ffc2fdf0000 - 0x00007ffc2fe14000 	C:\WINDOWS\SYSTEM32\WINMM.dll
0x00007ffc27d50000 - 0x00007ffc27d5a000 	C:\WINDOWS\SYSTEM32\VERSION.dll
0x00007ffc35190000 - 0x00007ffc351ff000 	C:\WINDOWS\System32\WS2_32.dll
0x00007ffc2fdc0000 - 0x00007ffc2fded000 	C:\WINDOWS\SYSTEM32\WINMMBASE.dll
0x00007ffc33c20000 - 0x00007ffc33c6a000 	C:\WINDOWS\System32\cfgmgr32.dll
0x00007ffc2f9e0000 - 0x00007ffc2f9ef000 	C:\Program Files\Android\Android Studio\jre\jre\bin\verify.dll
0x00007ffc2f9b0000 - 0x00007ffc2f9d9000 	C:\Program Files\Android\Android Studio\jre\jre\bin\java.dll
0x00007ffc2f990000 - 0x00007ffc2f9a6000 	C:\Program Files\Android\Android Studio\jre\jre\bin\zip.dll
0x00007ffc34760000 - 0x00007ffc34e42000 	C:\WINDOWS\System32\SHELL32.dll
0x00007ffc34600000 - 0x00007ffc346a9000 	C:\WINDOWS\System32\shcore.dll
0x00007ffc334a0000 - 0x00007ffc33c1c000 	C:\WINDOWS\System32\windows.storage.dll
0x00007ffc33390000 - 0x00007ffc333af000 	C:\WINDOWS\System32\profapi.dll
0x00007ffc33340000 - 0x00007ffc3338a000 	C:\WINDOWS\System32\powrprof.dll
0x00007ffc332f0000 - 0x00007ffc33300000 	C:\WINDOWS\System32\UMPDC.dll
0x00007ffc35130000 - 0x00007ffc35182000 	C:\WINDOWS\System32\shlwapi.dll
0x00007ffc33300000 - 0x00007ffc33311000 	C:\WINDOWS\System32\kernel.appcore.dll
0x00007ffc333e0000 - 0x00007ffc333f7000 	C:\WINDOWS\System32\cryptsp.dll
0x00007ffc2e430000 - 0x00007ffc2e44a000 	C:\Program Files\Android\Android Studio\jre\jre\bin\net.dll
0x00007ffc32b00000 - 0x00007ffc32b67000 	C:\WINDOWS\system32\mswsock.dll
0x00007ffc25640000 - 0x00007ffc25651000 	C:\Program Files\Android\Android Studio\jre\jre\bin\nio.dll
0x00007ffc19990000 - 0x00007ffc199b6000 	C:\Users\maxmu\.gradle\native\29\windows-amd64\native-platform.dll
0x00007ffc2f980000 - 0x00007ffc2f98d000 	C:\Program Files\Android\Android Studio\jre\jre\bin\management.dll
0x00007ffc32670000 - 0x00007ffc326a3000 	C:\WINDOWS\system32\rsaenh.dll
0x00007ffc344a0000 - 0x00007ffc344c6000 	C:\WINDOWS\System32\bcrypt.dll
0x00007ffc331e0000 - 0x00007ffc33205000 	C:\WINDOWS\SYSTEM32\USERENV.dll
0x00007ffc32cd0000 - 0x00007ffc32cdc000 	C:\WINDOWS\SYSTEM32\CRYPTBASE.dll
0x00007ffc32810000 - 0x00007ffc3284a000 	C:\WINDOWS\SYSTEM32\IPHLPAPI.DLL
0x00007ffc35df0000 - 0x00007ffc35df8000 	C:\WINDOWS\System32\NSI.dll
0x00007ffc2c390000 - 0x00007ffc2c3a6000 	C:\WINDOWS\SYSTEM32\dhcpcsvc6.DLL
0x00007ffc2d300000 - 0x00007ffc2d31c000 	C:\WINDOWS\SYSTEM32\dhcpcsvc.DLL
0x00007ffc32850000 - 0x00007ffc3291a000 	C:\WINDOWS\SYSTEM32\DNSAPI.dll

VM Arguments:
jvm_args: -Xmx1536m -Dfile.encoding=windows-1252 -Duser.country=US -Duser.language=en -Duser.variant 
java_command: org.gradle.launcher.daemon.bootstrap.GradleDaemon 5.4.1
java_class_path (initial): C:\Users\maxmu\AppData\Local\gradle-5.4.1\lib\gradle-launcher-5.4.1.jar
Launcher Type: SUN_STANDARD

Environment Variables:
PATH=C:\WINDOWS\system32;C:\WINDOWS;C:\WINDOWS\System32\Wbem;C:\WINDOWS\System32\WindowsPowerShell\v1.0\;C:\WINDOWS\System32\OpenSSH\;C:\Program Files\dotnet\;C:\Program Files\Git\cmd;;C:\Users\maxmu\AppData\Local\Programs\Microsoft VS Code\bin;C:\Users\maxmu\AppData\Local\Microsoft\WindowsApps
USERNAME=maxmu
OS=Windows_NT
PROCESSOR_IDENTIFIER=Intel64 Family 6 Model 60 Stepping 3, GenuineIntel



---------------  S Y S T E M  ---------------

OS: Windows 10.0 , 64 bit Build 18362 (10.0.18362.86)

CPU:total 4 (initial active 4) (2 cores per cpu, 2 threads per core) family 6 model 60 stepping 3, cmov, cx8, fxsr, mmx, sse, sse2, sse3, ssse3, sse4.1, sse4.2, popcnt, avx, avx2, aes, clmul, erms, lzcnt, ht, tsc, tscinvbit, bmi1, bmi2

Memory: 4k page, physical 3901920k(401564k free), swap 7281120k(5460k free)

vm_info: OpenJDK 64-Bit Server VM (25.202-b03) for windows-amd64 JRE (1.8.0_202-release-1483-b03), built by "builder" with MS VC++ 10.0 (VS2010)

time: Sun Sep 01 13:29:34 2019
timezone: E. Africa Standard Time
elapsed time: 3 seconds (0d 0h 0m 3s)

